PASS src/components/OperatorConsole.test.js
PASS src/lib/api.test.js
PASS src/components/HCAChat.test.js
PASS src/App.test.js
PASS src/components/MemoryBrowser.test.js

Test Suites: 5 passed, 5 total
Tests:       19 passed, 19 total
Snapshots:   0 total
Time:        3.224 s
Ran all test suites.
Test results written to: ../test_reports/frontend-jest.json

==> [Node version]
    node --version
v20.20.2

==> [Yarn version]
    yarn --version
1.22.22

==> [Frontend runtime verification]
    node ./scripts/verify-runtime.js

==> [Frontend fixture drift gate]
    /Users/dawsonblock/Hysight/.venv/bin/python -m pytest backend/tests/test_server_bootstrap.py -q --check-fixture-drift -k generated_frontend_api_fixtures_match_backend_export -ra --strict-markers --junitxml=/Users/dawsonblock/Hysight/test_reports/frontend-fixture-drift.xml
.                                                                        [100%]
- generated xml file: /Users/dawsonblock/Hysight/test_reports/frontend-fixture-drift.xml -
1 passed, 55 deselected in 0.18s

==> [Frontend lint]
    yarn lint
yarn run v1.22.22
$ eslint .
Done in 0.80s.

==> [Frontend tests]
    yarn test --watch=false --runInBand --json --outputFile=/Users/dawsonblock/Hysight/test_reports/frontend-jest.json
yarn run v1.22.22
$ craco test --watch=false --runInBand --json --outputFile=/Users/dawsonblock/Hysight/test_reports/frontend-jest.json
Done in 3.79s.

==> [Frontend build]
    yarn build
yarn run v1.22.22
$ craco build
Creating an optimized production build...
Compiled successfully.

File sizes after gzip:

  178.45 kB  build/static/js/main.2e27f740.js
  12.28 kB   build/static/css/main.e3a07d3d.css

The project was built assuming it is hosted at /.
You can control this with the homepage field in your package.json.

The build folder is ready to be deployed.
You may serve it with a static server:

  yarn global add serve
  serve -s build

Find out more about deployment here:

  https://cra.link/deployment

Done in 6.45s.

Frontend proof passed (20 passed, 0 skipped).
