=== Phase 7: Handoff sanity check ===
Timestamp: 2026-04-20T22:46:11Z
Running 3 proof step(s).

==> [HCA pipeline proof]
    MEMORY_BACKEND=python HCA_STORAGE_ROOT=/private/var/folders/xt/jh84t2kj6hl26tk5qx3m_28h0000gn/T/hysight-proof-xybwsjw1 MEMORY_STORAGE_DIR=/private/var/folders/xt/jh84t2kj6hl26tk5qx3m_28h0000gn/T/hysight-proof-xybwsjw1/memory /Users/dawsonblock/Hysight/.venv/bin/python -m pytest tests/test_hca_pipeline.py -q -ra --strict-markers --junitxml=/Users/dawsonblock/Hysight/test_reports/pytest/hca-pipeline-proof.xml
.......                                                                  [100%]
- generated xml file: /Users/dawsonblock/Hysight/test_reports/pytest/hca-pipeline-proof.xml -
7 passed in 0.20s

==> [Backend baseline proof]
    MEMORY_BACKEND=python HCA_STORAGE_ROOT=/private/var/folders/xt/jh84t2kj6hl26tk5qx3m_28h0000gn/T/hysight-proof-i1fcxq_q MEMORY_STORAGE_DIR=/private/var/folders/xt/jh84t2kj6hl26tk5qx3m_28h0000gn/T/hysight-proof-i1fcxq_q/memory /Users/dawsonblock/Hysight/.venv/bin/python -m pytest backend/tests/test_hca.py backend/tests/test_memory.py backend/tests/test_server_bootstrap.py -q -ra --strict-markers --junitxml=/Users/dawsonblock/Hysight/test_reports/pytest/backend-baseline-proof.xml
........................................................................ [ 73%]
..........................                                               [100%]
- generated xml file: /Users/dawsonblock/Hysight/test_reports/pytest/backend-baseline-proof.xml -
98 passed, 1 deselected in 4.54s

==> [Contract conformance proof]
    MEMORY_BACKEND=python HCA_STORAGE_ROOT=/private/var/folders/xt/jh84t2kj6hl26tk5qx3m_28h0000gn/T/hysight-proof-llpeagjg MEMORY_STORAGE_DIR=/private/var/folders/xt/jh84t2kj6hl26tk5qx3m_28h0000gn/T/hysight-proof-llpeagjg/memory /Users/dawsonblock/Hysight/.venv/bin/python -m pytest backend/tests/test_contract_conformance.py -q -ra --strict-markers --junitxml=/Users/dawsonblock/Hysight/test_reports/pytest/contract-conformance-proof.xml
..................                                                       [100%]
- generated xml file: /Users/dawsonblock/Hysight/test_reports/pytest/contract-conformance-proof.xml -
18 passed in 0.47s

All 3 proof step(s) passed (123 passed, 0 skipped).
BASELINE_EXIT=0
Running 1 proof step(s).

==> [Bounded autonomy proof (optional)]
    MEMORY_BACKEND=python HCA_STORAGE_ROOT=/private/var/folders/xt/jh84t2kj6hl26tk5qx3m_28h0000gn/T/hysight-proof-w_p804ub MEMORY_STORAGE_DIR=/private/var/folders/xt/jh84t2kj6hl26tk5qx3m_28h0000gn/T/hysight-proof-w_p804ub/memory /Users/dawsonblock/Hysight/.venv/bin/python -m pytest backend/tests/test_autonomy_policy.py backend/tests/test_autonomy_supervisor.py backend/tests/test_autonomy_routes.py backend/tests/test_autonomy_resume.py backend/tests/test_autonomy_budgets.py backend/tests/test_autonomy_events.py backend/tests/test_autonomy_kill_switch.py backend/tests/test_autonomy_dedupe.py backend/tests/test_autonomy_lifecycle.py backend/tests/test_autonomy_style_profile.py backend/tests/test_autonomy_attention_controller.py backend/tests/test_autonomy_reanchor.py -q -ra --strict-markers --junitxml=/Users/dawsonblock/Hysight/test_reports/pytest/backend-autonomy-optional-proof.xml
.............................................................            [100%]
- generated xml file: /Users/dawsonblock/Hysight/test_reports/pytest/backend-autonomy-optional-proof.xml -
61 passed in 0.56s

All 1 proof step(s) passed (61 passed, 0 skipped).
AUTONOMY_EXIT=0
Timestamp: 2026-04-20T22:46:24Z

=== Phase 7 Sanity Check (post-seal, post-audit) ===
Date: 2026-04-20T22:54:49Z
Result: 123 baseline passed, 0 failed (run_tests.py; no --autonomy)
Note: run_tests.py regenerates baseline.json on each invocation; final receipt ts=2026-04-20T22:54:19Z
Autonomy receipt unchanged: ts=2026-04-20T22:50:28Z, 61 passed
Sidecar receipt unchanged: ts=2026-04-20T22:42:08Z, 13 passed
All three receipts on commit 78b5affefe

