Running 3 proof step(s).

==> [HCA pipeline proof]
    MEMORY_BACKEND=python HCA_STORAGE_ROOT=/private/var/folders/xt/jh84t2kj6hl26tk5qx3m_28h0000gn/T/tmp.sfcYdlRnpP/hysight-proof-yuv7kjcb MEMORY_STORAGE_DIR=/private/var/folders/xt/jh84t2kj6hl26tk5qx3m_28h0000gn/T/tmp.sfcYdlRnpP/hysight-proof-yuv7kjcb/memory /Users/dawsonblock/Hysight/.venv/bin/python -m pytest tests/test_hca_pipeline.py -q -ra --strict-markers --junitxml=/Users/dawsonblock/Hysight/test_reports/pytest/hca-pipeline-proof.xml
.......                                                                  [100%]
- generated xml file: /Users/dawsonblock/Hysight/test_reports/pytest/hca-pipeline-proof.xml -
7 passed in 0.23s

==> [Backend baseline proof]
    MEMORY_BACKEND=python HCA_STORAGE_ROOT=/private/var/folders/xt/jh84t2kj6hl26tk5qx3m_28h0000gn/T/tmp.sfcYdlRnpP/hysight-proof-gy_js2le MEMORY_STORAGE_DIR=/private/var/folders/xt/jh84t2kj6hl26tk5qx3m_28h0000gn/T/tmp.sfcYdlRnpP/hysight-proof-gy_js2le/memory /Users/dawsonblock/Hysight/.venv/bin/python -m pytest backend/tests/test_hca.py backend/tests/test_memory.py backend/tests/test_server_bootstrap.py -q -ra --strict-markers --junitxml=/Users/dawsonblock/Hysight/test_reports/pytest/backend-baseline-proof.xml
........................................................................ [ 73%]
..........................                                               [100%]
- generated xml file: /Users/dawsonblock/Hysight/test_reports/pytest/backend-baseline-proof.xml -
98 passed, 1 deselected in 4.50s

==> [Contract conformance proof]
    MEMORY_BACKEND=python HCA_STORAGE_ROOT=/private/var/folders/xt/jh84t2kj6hl26tk5qx3m_28h0000gn/T/tmp.sfcYdlRnpP/hysight-proof-09io3ze_ MEMORY_STORAGE_DIR=/private/var/folders/xt/jh84t2kj6hl26tk5qx3m_28h0000gn/T/tmp.sfcYdlRnpP/hysight-proof-09io3ze_/memory /Users/dawsonblock/Hysight/.venv/bin/python -m pytest backend/tests/test_contract_conformance.py -q -ra --strict-markers --junitxml=/Users/dawsonblock/Hysight/test_reports/pytest/contract-conformance-proof.xml
..................                                                       [100%]
- generated xml file: /Users/dawsonblock/Hysight/test_reports/pytest/contract-conformance-proof.xml -
18 passed in 0.47s

All 3 proof step(s) passed (123 passed, 0 skipped).
Running 1 proof step(s).

==> [Bounded autonomy proof (optional)]
    MEMORY_BACKEND=python HCA_STORAGE_ROOT=/private/var/folders/xt/jh84t2kj6hl26tk5qx3m_28h0000gn/T/tmp.sfcYdlRnpP/hysight-proof-hqd_mh2g MEMORY_STORAGE_DIR=/private/var/folders/xt/jh84t2kj6hl26tk5qx3m_28h0000gn/T/tmp.sfcYdlRnpP/hysight-proof-hqd_mh2g/memory /Users/dawsonblock/Hysight/.venv/bin/python -m pytest backend/tests/test_autonomy_policy.py backend/tests/test_autonomy_supervisor.py backend/tests/test_autonomy_routes.py backend/tests/test_autonomy_resume.py backend/tests/test_autonomy_budgets.py backend/tests/test_autonomy_events.py backend/tests/test_autonomy_kill_switch.py backend/tests/test_autonomy_dedupe.py backend/tests/test_autonomy_lifecycle.py backend/tests/test_autonomy_style_profile.py backend/tests/test_autonomy_attention_controller.py backend/tests/test_autonomy_reanchor.py -q -ra --strict-markers --junitxml=/Users/dawsonblock/Hysight/test_reports/pytest/backend-autonomy-optional-proof.xml
.............................................................            [100%]
- generated xml file: /Users/dawsonblock/Hysight/test_reports/pytest/backend-autonomy-optional-proof.xml -
61 passed in 0.69s

All 1 proof step(s) passed (61 passed, 0 skipped).
