===== root editable install =====
Obtaining file:///Users/dawsonblock/Hysight
  Installing build dependencies: started
  Installing build dependencies: finished with status 'done'
  Checking if build backend supports build_editable: started
  Checking if build backend supports build_editable: finished with status 'done'
  Getting requirements to build editable: started
  Getting requirements to build editable: finished with status 'done'
  Preparing editable metadata (pyproject.toml): started
  Preparing editable metadata (pyproject.toml): finished with status 'done'
Requirement already satisfied: black>=24.1.1 in ./.pkg-venv/lib/python3.9/site-packages (from hysight-workspace==0.1.0) (25.11.0)
Requirement already satisfied: flake8<8.0.0,>=7.0.0 in ./.pkg-venv/lib/python3.9/site-packages (from hysight-workspace==0.1.0) (7.3.0)
Requirement already satisfied: httpx<1.0,>=0.27 in ./.pkg-venv/lib/python3.9/site-packages (from hysight-workspace==0.1.0) (0.28.1)
Requirement already satisfied: isort>=5.13.2 in ./.pkg-venv/lib/python3.9/site-packages (from hysight-workspace==0.1.0) (6.1.0)
Requirement already satisfied: jsonschema<5.0.0,>=4.23.0 in ./.pkg-venv/lib/python3.9/site-packages (from hysight-workspace==0.1.0) (4.25.1)
Requirement already satisfied: mypy<2.0.0,>=1.8.0 in ./.pkg-venv/lib/python3.9/site-packages (from hysight-workspace==0.1.0) (1.19.1)
Requirement already satisfied: pytest<9.0.0,>=8.0.0 in ./.pkg-venv/lib/python3.9/site-packages (from hysight-workspace==0.1.0) (8.4.2)
Requirement already satisfied: pytest-asyncio<1.0.0,>=0.23 in ./.pkg-venv/lib/python3.9/site-packages (from hysight-workspace==0.1.0) (0.26.0)
Requirement already satisfied: pytest-cov<6.0.0,>=5.0.0 in ./.pkg-venv/lib/python3.9/site-packages (from hysight-workspace==0.1.0) (5.0.0)
Requirement already satisfied: requests<3.0.0,>=2.31.0 in ./.pkg-venv/lib/python3.9/site-packages (from hysight-workspace==0.1.0) (2.32.5)
Requirement already satisfied: requests-mock<2.0.0,>=1.12 in ./.pkg-venv/lib/python3.9/site-packages (from hysight-workspace==0.1.0) (1.12.1)
Requirement already satisfied: ruff<1.0.0,>=0.4.0 in ./.pkg-venv/lib/python3.9/site-packages (from hysight-workspace==0.1.0) (0.15.11)
Requirement already satisfied: mccabe<0.8.0,>=0.7.0 in ./.pkg-venv/lib/python3.9/site-packages (from flake8<8.0.0,>=7.0.0->hysight-workspace==0.1.0) (0.7.0)
Requirement already satisfied: pycodestyle<2.15.0,>=2.14.0 in ./.pkg-venv/lib/python3.9/site-packages (from flake8<8.0.0,>=7.0.0->hysight-workspace==0.1.0) (2.14.0)
Requirement already satisfied: pyflakes<3.5.0,>=3.4.0 in ./.pkg-venv/lib/python3.9/site-packages (from flake8<8.0.0,>=7.0.0->hysight-workspace==0.1.0) (3.4.0)
Requirement already satisfied: anyio in ./.pkg-venv/lib/python3.9/site-packages (from httpx<1.0,>=0.27->hysight-workspace==0.1.0) (4.12.1)
Requirement already satisfied: certifi in ./.pkg-venv/lib/python3.9/site-packages (from httpx<1.0,>=0.27->hysight-workspace==0.1.0) (2026.2.25)
Requirement already satisfied: httpcore==1.* in ./.pkg-venv/lib/python3.9/site-packages (from httpx<1.0,>=0.27->hysight-workspace==0.1.0) (1.0.9)
Requirement already satisfied: idna in ./.pkg-venv/lib/python3.9/site-packages (from httpx<1.0,>=0.27->hysight-workspace==0.1.0) (3.11)
Requirement already satisfied: h11>=0.16 in ./.pkg-venv/lib/python3.9/site-packages (from httpcore==1.*->httpx<1.0,>=0.27->hysight-workspace==0.1.0) (0.16.0)
Requirement already satisfied: attrs>=22.2.0 in ./.pkg-venv/lib/python3.9/site-packages (from jsonschema<5.0.0,>=4.23.0->hysight-workspace==0.1.0) (26.1.0)
Requirement already satisfied: jsonschema-specifications>=2023.03.6 in ./.pkg-venv/lib/python3.9/site-packages (from jsonschema<5.0.0,>=4.23.0->hysight-workspace==0.1.0) (2025.9.1)
Requirement already satisfied: referencing>=0.28.4 in ./.pkg-venv/lib/python3.9/site-packages (from jsonschema<5.0.0,>=4.23.0->hysight-workspace==0.1.0) (0.36.2)
Requirement already satisfied: rpds-py>=0.7.1 in ./.pkg-venv/lib/python3.9/site-packages (from jsonschema<5.0.0,>=4.23.0->hysight-workspace==0.1.0) (0.27.1)
Requirement already satisfied: typing_extensions>=4.6.0 in ./.pkg-venv/lib/python3.9/site-packages (from mypy<2.0.0,>=1.8.0->hysight-workspace==0.1.0) (4.15.0)
Requirement already satisfied: mypy_extensions>=1.0.0 in ./.pkg-venv/lib/python3.9/site-packages (from mypy<2.0.0,>=1.8.0->hysight-workspace==0.1.0) (1.1.0)
Requirement already satisfied: pathspec>=0.9.0 in ./.pkg-venv/lib/python3.9/site-packages (from mypy<2.0.0,>=1.8.0->hysight-workspace==0.1.0) (1.0.4)
Requirement already satisfied: tomli>=1.1.0 in ./.pkg-venv/lib/python3.9/site-packages (from mypy<2.0.0,>=1.8.0->hysight-workspace==0.1.0) (2.4.1)
Requirement already satisfied: librt>=0.6.2 in ./.pkg-venv/lib/python3.9/site-packages (from mypy<2.0.0,>=1.8.0->hysight-workspace==0.1.0) (0.9.0)
Requirement already satisfied: exceptiongroup>=1 in ./.pkg-venv/lib/python3.9/site-packages (from pytest<9.0.0,>=8.0.0->hysight-workspace==0.1.0) (1.3.1)
Requirement already satisfied: iniconfig>=1 in ./.pkg-venv/lib/python3.9/site-packages (from pytest<9.0.0,>=8.0.0->hysight-workspace==0.1.0) (2.1.0)
Requirement already satisfied: packaging>=20 in ./.pkg-venv/lib/python3.9/site-packages (from pytest<9.0.0,>=8.0.0->hysight-workspace==0.1.0) (26.1)
Requirement already satisfied: pluggy<2,>=1.5 in ./.pkg-venv/lib/python3.9/site-packages (from pytest<9.0.0,>=8.0.0->hysight-workspace==0.1.0) (1.6.0)
Requirement already satisfied: pygments>=2.7.2 in ./.pkg-venv/lib/python3.9/site-packages (from pytest<9.0.0,>=8.0.0->hysight-workspace==0.1.0) (2.20.0)
Requirement already satisfied: coverage>=5.2.1 in ./.pkg-venv/lib/python3.9/site-packages (from coverage[toml]>=5.2.1->pytest-cov<6.0.0,>=5.0.0->hysight-workspace==0.1.0) (7.10.7)
Requirement already satisfied: charset_normalizer<4,>=2 in ./.pkg-venv/lib/python3.9/site-packages (from requests<3.0.0,>=2.31.0->hysight-workspace==0.1.0) (3.4.7)
Requirement already satisfied: urllib3<3,>=1.21.1 in ./.pkg-venv/lib/python3.9/site-packages (from requests<3.0.0,>=2.31.0->hysight-workspace==0.1.0) (2.6.3)
Requirement already satisfied: click>=8.0.0 in ./.pkg-venv/lib/python3.9/site-packages (from black>=24.1.1->hysight-workspace==0.1.0) (8.1.8)
Requirement already satisfied: platformdirs>=2 in ./.pkg-venv/lib/python3.9/site-packages (from black>=24.1.1->hysight-workspace==0.1.0) (4.4.0)
Requirement already satisfied: pytokens>=0.3.0 in ./.pkg-venv/lib/python3.9/site-packages (from black>=24.1.1->hysight-workspace==0.1.0) (0.4.1)
Requirement already satisfied: importlib-metadata>=4.6.0 in ./.pkg-venv/lib/python3.9/site-packages (from isort>=5.13.2->hysight-workspace==0.1.0) (8.7.1)
Requirement already satisfied: zipp>=3.20 in ./.pkg-venv/lib/python3.9/site-packages (from importlib-metadata>=4.6.0->isort>=5.13.2->hysight-workspace==0.1.0) (3.23.1)
Building wheels for collected packages: hysight-workspace
  Building editable for hysight-workspace (pyproject.toml): started
  Building editable for hysight-workspace (pyproject.toml): finished with status 'done'
  Created wheel for hysight-workspace: filename=hysight_workspace-0.1.0-0.editable-py3-none-any.whl size=9207 sha256=18c75c083d4ca1e4ea5e5950837a42e999faf8cf9e07ad3ccb60fb9688b27112
  Stored in directory: /private/var/folders/xt/jh84t2kj6hl26tk5qx3m_28h0000gn/T/pip-ephem-wheel-cache-c3dha0b8/wheels/d3/2e/ae/fe4e8327550b73c56bc07d39332aec33d1506425b6c0a6cc68
Successfully built hysight-workspace
Installing collected packages: hysight-workspace
  Attempting uninstall: hysight-workspace
    Found existing installation: hysight-workspace 0.1.0
    Uninstalling hysight-workspace-0.1.0:
      Successfully uninstalled hysight-workspace-0.1.0
Successfully installed hysight-workspace-0.1.0
root-packaging: PASS

===== make venv =====
python -m venv .venv
/Users/dawsonblock/Hysight/.venv/bin/python -m pip install --upgrade pip
Requirement already satisfied: pip in ./.venv/lib/python3.9/site-packages (26.0.1)
/Users/dawsonblock/Hysight/.venv/bin/python -m pip install -r backend/requirements-test.txt
Obtaining file:///Users/dawsonblock/Hysight/hca (from -r backend/requirements-test.txt (line 2))
  Installing build dependencies: started
  Installing build dependencies: finished with status 'done'
  Checking if build backend supports build_editable: started
  Checking if build backend supports build_editable: finished with status 'done'
  Getting requirements to build editable: started
  Getting requirements to build editable: finished with status 'done'
  Preparing editable metadata (pyproject.toml): started
  Preparing editable metadata (pyproject.toml): finished with status 'done'
Requirement already satisfied: fastapi==0.110.1 in ./.venv/lib/python3.9/site-packages (from -r /Users/dawsonblock/Hysight/backend/requirements-core.txt (line 1)) (0.110.1)
Requirement already satisfied: uvicorn==0.25.0 in ./.venv/lib/python3.9/site-packages (from -r /Users/dawsonblock/Hysight/backend/requirements-core.txt (line 2)) (0.25.0)
Requirement already satisfied: python-dotenv<2.0.0,>=1.0.1 in ./.venv/lib/python3.9/site-packages (from -r /Users/dawsonblock/Hysight/backend/requirements-core.txt (line 3)) (1.2.1)
Requirement already satisfied: httpx<1.0.0,>=0.27.0 in ./.venv/lib/python3.9/site-packages (from -r /Users/dawsonblock/Hysight/backend/requirements-core.txt (line 4)) (0.28.1)
Requirement already satisfied: pydantic<3.0.0,>=2.6.4 in ./.venv/lib/python3.9/site-packages (from -r /Users/dawsonblock/Hysight/backend/requirements-core.txt (line 5)) (2.13.0)
Requirement already satisfied: tzdata>=2024.2 in ./.venv/lib/python3.9/site-packages (from -r /Users/dawsonblock/Hysight/backend/requirements-core.txt (line 6)) (2026.1)
Requirement already satisfied: jsonschema<5.0.0,>=4.23.0 in ./.venv/lib/python3.9/site-packages (from -r backend/requirements-test.txt (line 3)) (4.25.1)
Requirement already satisfied: pytest<9.0.0,>=8.0.0 in ./.venv/lib/python3.9/site-packages (from -r backend/requirements-test.txt (line 4)) (8.4.2)
Requirement already satisfied: requests<3.0.0,>=2.31.0 in ./.venv/lib/python3.9/site-packages (from -r backend/requirements-test.txt (line 5)) (2.32.5)
Requirement already satisfied: requests-mock<2.0.0,>=1.12 in ./.venv/lib/python3.9/site-packages (from -r backend/requirements-test.txt (line 6)) (1.12.1)
Requirement already satisfied: pyyaml>=6.0 in ./.venv/lib/python3.9/site-packages (from hybrid-cognitive-agent==0.1.0->-r backend/requirements-test.txt (line 2)) (6.0.3)
Requirement already satisfied: click>=7.0 in ./.venv/lib/python3.9/site-packages (from uvicorn==0.25.0->-r /Users/dawsonblock/Hysight/backend/requirements-core.txt (line 2)) (8.1.8)
Requirement already satisfied: h11>=0.8 in ./.venv/lib/python3.9/site-packages (from uvicorn==0.25.0->-r /Users/dawsonblock/Hysight/backend/requirements-core.txt (line 2)) (0.16.0)
Requirement already satisfied: typing-extensions>=4.0 in ./.venv/lib/python3.9/site-packages (from uvicorn==0.25.0->-r /Users/dawsonblock/Hysight/backend/requirements-core.txt (line 2)) (4.15.0)
Requirement already satisfied: starlette<0.38.0,>=0.37.2 in ./.venv/lib/python3.9/site-packages (from fastapi==0.110.1->-r /Users/dawsonblock/Hysight/backend/requirements-core.txt (line 1)) (0.37.2)
Requirement already satisfied: anyio in ./.venv/lib/python3.9/site-packages (from httpx<1.0.0,>=0.27.0->-r /Users/dawsonblock/Hysight/backend/requirements-core.txt (line 4)) (4.12.1)
Requirement already satisfied: certifi in ./.venv/lib/python3.9/site-packages (from httpx<1.0.0,>=0.27.0->-r /Users/dawsonblock/Hysight/backend/requirements-core.txt (line 4)) (2026.2.25)
Requirement already satisfied: httpcore==1.* in ./.venv/lib/python3.9/site-packages (from httpx<1.0.0,>=0.27.0->-r /Users/dawsonblock/Hysight/backend/requirements-core.txt (line 4)) (1.0.9)
Requirement already satisfied: idna in ./.venv/lib/python3.9/site-packages (from httpx<1.0.0,>=0.27.0->-r /Users/dawsonblock/Hysight/backend/requirements-core.txt (line 4)) (3.11)
Requirement already satisfied: annotated-types>=0.6.0 in ./.venv/lib/python3.9/site-packages (from pydantic<3.0.0,>=2.6.4->-r /Users/dawsonblock/Hysight/backend/requirements-core.txt (line 5)) (0.7.0)
Requirement already satisfied: pydantic-core==2.46.0 in ./.venv/lib/python3.9/site-packages (from pydantic<3.0.0,>=2.6.4->-r /Users/dawsonblock/Hysight/backend/requirements-core.txt (line 5)) (2.46.0)
Requirement already satisfied: typing-inspection>=0.4.2 in ./.venv/lib/python3.9/site-packages (from pydantic<3.0.0,>=2.6.4->-r /Users/dawsonblock/Hysight/backend/requirements-core.txt (line 5)) (0.4.2)
Requirement already satisfied: attrs>=22.2.0 in ./.venv/lib/python3.9/site-packages (from jsonschema<5.0.0,>=4.23.0->-r backend/requirements-test.txt (line 3)) (26.1.0)
Requirement already satisfied: jsonschema-specifications>=2023.03.6 in ./.venv/lib/python3.9/site-packages (from jsonschema<5.0.0,>=4.23.0->-r backend/requirements-test.txt (line 3)) (2025.9.1)
Requirement already satisfied: referencing>=0.28.4 in ./.venv/lib/python3.9/site-packages (from jsonschema<5.0.0,>=4.23.0->-r backend/requirements-test.txt (line 3)) (0.36.2)
Requirement already satisfied: rpds-py>=0.7.1 in ./.venv/lib/python3.9/site-packages (from jsonschema<5.0.0,>=4.23.0->-r backend/requirements-test.txt (line 3)) (0.27.1)
Requirement already satisfied: exceptiongroup>=1 in ./.venv/lib/python3.9/site-packages (from pytest<9.0.0,>=8.0.0->-r backend/requirements-test.txt (line 4)) (1.3.1)
Requirement already satisfied: iniconfig>=1 in ./.venv/lib/python3.9/site-packages (from pytest<9.0.0,>=8.0.0->-r backend/requirements-test.txt (line 4)) (2.1.0)
Requirement already satisfied: packaging>=20 in ./.venv/lib/python3.9/site-packages (from pytest<9.0.0,>=8.0.0->-r backend/requirements-test.txt (line 4)) (26.1)
Requirement already satisfied: pluggy<2,>=1.5 in ./.venv/lib/python3.9/site-packages (from pytest<9.0.0,>=8.0.0->-r backend/requirements-test.txt (line 4)) (1.6.0)
Requirement already satisfied: pygments>=2.7.2 in ./.venv/lib/python3.9/site-packages (from pytest<9.0.0,>=8.0.0->-r backend/requirements-test.txt (line 4)) (2.20.0)
Requirement already satisfied: tomli>=1 in ./.venv/lib/python3.9/site-packages (from pytest<9.0.0,>=8.0.0->-r backend/requirements-test.txt (line 4)) (2.4.1)
Requirement already satisfied: charset_normalizer<4,>=2 in ./.venv/lib/python3.9/site-packages (from requests<3.0.0,>=2.31.0->-r backend/requirements-test.txt (line 5)) (3.4.7)
Requirement already satisfied: urllib3<3,>=1.21.1 in ./.venv/lib/python3.9/site-packages (from requests<3.0.0,>=2.31.0->-r backend/requirements-test.txt (line 5)) (2.6.3)
Building wheels for collected packages: hybrid-cognitive-agent
  Building editable for hybrid-cognitive-agent (pyproject.toml): started
  Building editable for hybrid-cognitive-agent (pyproject.toml): finished with status 'done'
  Created wheel for hybrid-cognitive-agent: filename=hybrid_cognitive_agent-0.1.0-0.editable-py3-none-any.whl size=4848 sha256=21841ef9d21481854734732e0d9844a2696e5f259f1dbd14183f65ec5b05adc3
  Stored in directory: /private/var/folders/xt/jh84t2kj6hl26tk5qx3m_28h0000gn/T/pip-ephem-wheel-cache-41v1fzqd/wheels/e7/5a/05/80156687b5c8d7cf942aec471d6eacd1296c1bc8d33d4fe420
Successfully built hybrid-cognitive-agent
Installing collected packages: hybrid-cognitive-agent
  Attempting uninstall: hybrid-cognitive-agent
    Found existing installation: hybrid-cognitive-agent 0.1.0
    Uninstalling hybrid-cognitive-agent-0.1.0:
      Successfully uninstalled hybrid-cognitive-agent-0.1.0
Successfully installed hybrid-cognitive-agent-0.1.0
Created .venv, installed baseline requirements, and installed editable ./hca. Next: make test
bootstrap: PASS

===== canonical baseline proof =====
Running 3 proof step(s).

==> [HCA pipeline proof]
    MEMORY_BACKEND=python HCA_STORAGE_ROOT=/private/var/folders/xt/jh84t2kj6hl26tk5qx3m_28h0000gn/T/hysight-proof-_vzsvxbv MEMORY_STORAGE_DIR=/private/var/folders/xt/jh84t2kj6hl26tk5qx3m_28h0000gn/T/hysight-proof-_vzsvxbv/memory /Users/dawsonblock/Hysight/.venv/bin/python -m pytest tests/test_hca_pipeline.py -q -ra --strict-markers --junitxml=/Users/dawsonblock/Hysight/test_reports/pytest/hca-pipeline-proof.xml
.......                                                                  [100%]
- generated xml file: /Users/dawsonblock/Hysight/test_reports/pytest/hca-pipeline-proof.xml -
7 passed in 0.19s

==> [Backend baseline proof]
    MEMORY_BACKEND=python HCA_STORAGE_ROOT=/private/var/folders/xt/jh84t2kj6hl26tk5qx3m_28h0000gn/T/hysight-proof-bc9z0e1h MEMORY_STORAGE_DIR=/private/var/folders/xt/jh84t2kj6hl26tk5qx3m_28h0000gn/T/hysight-proof-bc9z0e1h/memory /Users/dawsonblock/Hysight/.venv/bin/python -m pytest backend/tests/test_hca.py backend/tests/test_memory.py backend/tests/test_server_bootstrap.py -q -ra --strict-markers --junitxml=/Users/dawsonblock/Hysight/test_reports/pytest/backend-baseline-proof.xml
........................................................................ [ 73%]
..........................                                               [100%]
- generated xml file: /Users/dawsonblock/Hysight/test_reports/pytest/backend-baseline-proof.xml -
98 passed, 1 deselected in 4.51s

==> [Contract conformance proof]
    MEMORY_BACKEND=python HCA_STORAGE_ROOT=/private/var/folders/xt/jh84t2kj6hl26tk5qx3m_28h0000gn/T/hysight-proof-4t1moh_m MEMORY_STORAGE_DIR=/private/var/folders/xt/jh84t2kj6hl26tk5qx3m_28h0000gn/T/hysight-proof-4t1moh_m/memory /Users/dawsonblock/Hysight/.venv/bin/python -m pytest backend/tests/test_contract_conformance.py -q -ra --strict-markers --junitxml=/Users/dawsonblock/Hysight/test_reports/pytest/contract-conformance-proof.xml
..................                                                       [100%]
- generated xml file: /Users/dawsonblock/Hysight/test_reports/pytest/contract-conformance-proof.xml -
18 passed in 0.49s

All 3 proof step(s) passed (123 passed, 0 skipped).
baseline: PASS

===== autonomy optional proof =====
Running 1 proof step(s).

==> [Bounded autonomy proof (optional)]
    MEMORY_BACKEND=python HCA_STORAGE_ROOT=/private/var/folders/xt/jh84t2kj6hl26tk5qx3m_28h0000gn/T/hysight-proof-lxoh8h8q MEMORY_STORAGE_DIR=/private/var/folders/xt/jh84t2kj6hl26tk5qx3m_28h0000gn/T/hysight-proof-lxoh8h8q/memory /Users/dawsonblock/Hysight/.venv/bin/python -m pytest backend/tests/test_autonomy_policy.py backend/tests/test_autonomy_supervisor.py backend/tests/test_autonomy_routes.py backend/tests/test_autonomy_resume.py backend/tests/test_autonomy_budgets.py backend/tests/test_autonomy_events.py backend/tests/test_autonomy_kill_switch.py backend/tests/test_autonomy_dedupe.py backend/tests/test_autonomy_lifecycle.py -q -ra --strict-markers --junitxml=/Users/dawsonblock/Hysight/test_reports/pytest/backend-autonomy-optional-proof.xml
..................................................                       [100%]
- generated xml file: /Users/dawsonblock/Hysight/test_reports/pytest/backend-autonomy-optional-proof.xml -
50 passed in 0.50s

All 1 proof step(s) passed (50 passed, 0 skipped).
autonomy: PASS
