=== Phase 2: Optional sidecar proof ===
Timestamp: 2026-04-20T22:37:48Z
Sidecar mode requested, but health check failed at http://localhost:3031/health
Start the memvid sidecar first:
    cargo run --manifest-path memvid_service/Cargo.toml --release
See BOOTSTRAP.md for the supported bootstrap path.
SIDECAR_EXIT=1
=== Phase 2: Optional sidecar proof (proof_sidecar.py) ===
Timestamp: 2026-04-20T22:41:37Z
Refusing to reuse an already-running memvid sidecar at http://localhost:3032. Use make test-sidecar for an existing service or override MEMORY_SERVICE_PORT.
SIDECAR_EXIT=1
Timestamp: 2026-04-20T22:41:37Z
=== Phase 2: Live sidecar proof against port 3032 ===
Timestamp: 2026-04-20T22:42:04Z
Running 1 proof step(s).

==> [Backend live sidecar proof]
    MEMORY_BACKEND=rust HCA_STORAGE_ROOT=/private/var/folders/xt/jh84t2kj6hl26tk5qx3m_28h0000gn/T/hysight-proof-kyub70j4 MEMORY_STORAGE_DIR=/private/var/folders/xt/jh84t2kj6hl26tk5qx3m_28h0000gn/T/hysight-proof-kyub70j4/memory RUN_MEMVID_TESTS=1 MEMORY_SERVICE_URL=http://localhost:3032 /Users/dawsonblock/Hysight/.venv/bin/python -m pytest backend/tests/test_memvid_sidecar.py -q --run-live -ra --strict-markers --junitxml=/Users/dawsonblock/Hysight/test_reports/pytest/backend-live-sidecar-proof.xml
..........ss...                                                          [100%]
- generated xml file: /Users/dawsonblock/Hysight/test_reports/pytest/backend-live-sidecar-proof.xml -
=========================== short test summary info ============================
SKIPPED [1] backend/tests/test_memvid_sidecar.py:452: requires RUN_MEMVID_TESTS=1, a live memvid sidecar at http://localhost:3032, and supervisorctl in PATH
SKIPPED [1] backend/tests/test_memvid_sidecar.py:466: requires RUN_MEMVID_TESTS=1, a live memvid sidecar at http://localhost:3032, and supervisorctl in PATH
13 passed, 2 skipped in 3.02s

All 1 proof step(s) passed (13 passed, 2 skipped).
SIDECAR_EXIT=0
Timestamp: 2026-04-20T22:42:08Z
