Obtaining file:///private/tmp/hysight29-release-seal
  Installing build dependencies: started
  Installing build dependencies: finished with status 'done'
  Checking if build backend supports build_editable: started
  Checking if build backend supports build_editable: finished with status 'done'
  Getting requirements to build editable: started
  Getting requirements to build editable: finished with status 'done'
  Preparing editable metadata (pyproject.toml): started
  Preparing editable metadata (pyproject.toml): finished with status 'done'
Collecting black>=24.1.1 (from hysight-workspace==0.1.0)
  Using cached black-25.11.0-cp39-cp39-macosx_11_0_arm64.whl.metadata (85 kB)
Collecting flake8<8.0.0,>=7.0.0 (from hysight-workspace==0.1.0)
  Using cached flake8-7.3.0-py2.py3-none-any.whl.metadata (3.8 kB)
Collecting httpx<1.0,>=0.27 (from hysight-workspace==0.1.0)
  Using cached httpx-0.28.1-py3-none-any.whl.metadata (7.1 kB)
Collecting isort>=5.13.2 (from hysight-workspace==0.1.0)
  Using cached isort-6.1.0-py3-none-any.whl.metadata (12 kB)
Collecting jsonschema<5.0.0,>=4.23.0 (from hysight-workspace==0.1.0)
  Using cached jsonschema-4.25.1-py3-none-any.whl.metadata (7.6 kB)
Collecting mypy<2.0.0,>=1.8.0 (from hysight-workspace==0.1.0)
  Using cached mypy-1.19.1-cp39-cp39-macosx_11_0_arm64.whl.metadata (2.2 kB)
Collecting pytest<9.0.0,>=8.0.0 (from hysight-workspace==0.1.0)
  Using cached pytest-8.4.2-py3-none-any.whl.metadata (7.7 kB)
Collecting pytest-asyncio<1.0.0,>=0.23 (from hysight-workspace==0.1.0)
  Using cached pytest_asyncio-0.26.0-py3-none-any.whl.metadata (4.0 kB)
Collecting pytest-cov<6.0.0,>=5.0.0 (from hysight-workspace==0.1.0)
  Using cached pytest_cov-5.0.0-py3-none-any.whl.metadata (27 kB)
Collecting requests<3.0.0,>=2.31.0 (from hysight-workspace==0.1.0)
  Using cached requests-2.32.5-py3-none-any.whl.metadata (4.9 kB)
Collecting requests-mock<2.0.0,>=1.12 (from hysight-workspace==0.1.0)
  Using cached requests_mock-1.12.1-py2.py3-none-any.whl.metadata (4.1 kB)
Collecting ruff<1.0.0,>=0.4.0 (from hysight-workspace==0.1.0)
  Using cached ruff-0.15.11-py3-none-macosx_11_0_arm64.whl.metadata (26 kB)
Collecting mccabe<0.8.0,>=0.7.0 (from flake8<8.0.0,>=7.0.0->hysight-workspace==0.1.0)
  Using cached mccabe-0.7.0-py2.py3-none-any.whl.metadata (5.0 kB)
Collecting pycodestyle<2.15.0,>=2.14.0 (from flake8<8.0.0,>=7.0.0->hysight-workspace==0.1.0)
  Using cached pycodestyle-2.14.0-py2.py3-none-any.whl.metadata (4.5 kB)
Collecting pyflakes<3.5.0,>=3.4.0 (from flake8<8.0.0,>=7.0.0->hysight-workspace==0.1.0)
  Using cached pyflakes-3.4.0-py2.py3-none-any.whl.metadata (3.5 kB)
Collecting anyio (from httpx<1.0,>=0.27->hysight-workspace==0.1.0)
  Using cached anyio-4.12.1-py3-none-any.whl.metadata (4.3 kB)
Collecting certifi (from httpx<1.0,>=0.27->hysight-workspace==0.1.0)
  Using cached certifi-2026.2.25-py3-none-any.whl.metadata (2.5 kB)
Collecting httpcore==1.* (from httpx<1.0,>=0.27->hysight-workspace==0.1.0)
  Using cached httpcore-1.0.9-py3-none-any.whl.metadata (21 kB)
Collecting idna (from httpx<1.0,>=0.27->hysight-workspace==0.1.0)
  Using cached idna-3.11-py3-none-any.whl.metadata (8.4 kB)
Collecting h11>=0.16 (from httpcore==1.*->httpx<1.0,>=0.27->hysight-workspace==0.1.0)
  Using cached h11-0.16.0-py3-none-any.whl.metadata (8.3 kB)
Collecting attrs>=22.2.0 (from jsonschema<5.0.0,>=4.23.0->hysight-workspace==0.1.0)
  Using cached attrs-26.1.0-py3-none-any.whl.metadata (8.8 kB)
Collecting jsonschema-specifications>=2023.03.6 (from jsonschema<5.0.0,>=4.23.0->hysight-workspace==0.1.0)
  Using cached jsonschema_specifications-2025.9.1-py3-none-any.whl.metadata (2.9 kB)
Collecting referencing>=0.28.4 (from jsonschema<5.0.0,>=4.23.0->hysight-workspace==0.1.0)
  Using cached referencing-0.36.2-py3-none-any.whl.metadata (2.8 kB)
Collecting rpds-py>=0.7.1 (from jsonschema<5.0.0,>=4.23.0->hysight-workspace==0.1.0)
  Using cached rpds_py-0.27.1-cp39-cp39-macosx_11_0_arm64.whl.metadata (4.2 kB)
Collecting typing_extensions>=4.6.0 (from mypy<2.0.0,>=1.8.0->hysight-workspace==0.1.0)
  Using cached typing_extensions-4.15.0-py3-none-any.whl.metadata (3.3 kB)
Collecting mypy_extensions>=1.0.0 (from mypy<2.0.0,>=1.8.0->hysight-workspace==0.1.0)
  Using cached mypy_extensions-1.1.0-py3-none-any.whl.metadata (1.1 kB)
Collecting pathspec>=0.9.0 (from mypy<2.0.0,>=1.8.0->hysight-workspace==0.1.0)
  Using cached pathspec-1.0.4-py3-none-any.whl.metadata (13 kB)
Collecting tomli>=1.1.0 (from mypy<2.0.0,>=1.8.0->hysight-workspace==0.1.0)
  Using cached tomli-2.4.1-py3-none-any.whl.metadata (10 kB)
Collecting librt>=0.6.2 (from mypy<2.0.0,>=1.8.0->hysight-workspace==0.1.0)
  Using cached librt-0.9.0-cp39-cp39-macosx_11_0_arm64.whl.metadata (1.3 kB)
Collecting exceptiongroup>=1 (from pytest<9.0.0,>=8.0.0->hysight-workspace==0.1.0)
  Using cached exceptiongroup-1.3.1-py3-none-any.whl.metadata (6.7 kB)
Collecting iniconfig>=1 (from pytest<9.0.0,>=8.0.0->hysight-workspace==0.1.0)
  Using cached iniconfig-2.1.0-py3-none-any.whl.metadata (2.7 kB)
Requirement already satisfied: packaging>=20 in ./.pkg-venv/lib/python3.9/site-packages (from pytest<9.0.0,>=8.0.0->hysight-workspace==0.1.0) (26.1)
Collecting pluggy<2,>=1.5 (from pytest<9.0.0,>=8.0.0->hysight-workspace==0.1.0)
  Using cached pluggy-1.6.0-py3-none-any.whl.metadata (4.8 kB)
Collecting pygments>=2.7.2 (from pytest<9.0.0,>=8.0.0->hysight-workspace==0.1.0)
  Using cached pygments-2.20.0-py3-none-any.whl.metadata (2.5 kB)
Collecting coverage>=5.2.1 (from coverage[toml]>=5.2.1->pytest-cov<6.0.0,>=5.0.0->hysight-workspace==0.1.0)
  Using cached coverage-7.10.7-cp39-cp39-macosx_11_0_arm64.whl.metadata (8.9 kB)
Collecting charset_normalizer<4,>=2 (from requests<3.0.0,>=2.31.0->hysight-workspace==0.1.0)
  Using cached charset_normalizer-3.4.7-cp39-cp39-macosx_10_9_universal2.whl.metadata (40 kB)
Collecting urllib3<3,>=1.21.1 (from requests<3.0.0,>=2.31.0->hysight-workspace==0.1.0)
  Using cached urllib3-2.6.3-py3-none-any.whl.metadata (6.9 kB)
Collecting click>=8.0.0 (from black>=24.1.1->hysight-workspace==0.1.0)
  Using cached click-8.1.8-py3-none-any.whl.metadata (2.3 kB)
Collecting platformdirs>=2 (from black>=24.1.1->hysight-workspace==0.1.0)
  Using cached platformdirs-4.4.0-py3-none-any.whl.metadata (12 kB)
Collecting pytokens>=0.3.0 (from black>=24.1.1->hysight-workspace==0.1.0)
  Using cached pytokens-0.4.1-cp39-cp39-macosx_11_0_arm64.whl.metadata (3.8 kB)
Collecting importlib-metadata>=4.6.0 (from isort>=5.13.2->hysight-workspace==0.1.0)
  Using cached importlib_metadata-8.7.1-py3-none-any.whl.metadata (4.7 kB)
Collecting zipp>=3.20 (from importlib-metadata>=4.6.0->isort>=5.13.2->hysight-workspace==0.1.0)
  Using cached zipp-3.23.1-py3-none-any.whl.metadata (3.6 kB)
Using cached flake8-7.3.0-py2.py3-none-any.whl (57 kB)
Using cached httpx-0.28.1-py3-none-any.whl (73 kB)
Using cached httpcore-1.0.9-py3-none-any.whl (78 kB)
Using cached jsonschema-4.25.1-py3-none-any.whl (90 kB)
Using cached mccabe-0.7.0-py2.py3-none-any.whl (7.3 kB)
Using cached mypy-1.19.1-cp39-cp39-macosx_11_0_arm64.whl (12.2 MB)
Using cached pycodestyle-2.14.0-py2.py3-none-any.whl (31 kB)
Using cached pyflakes-3.4.0-py2.py3-none-any.whl (63 kB)
Using cached pytest-8.4.2-py3-none-any.whl (365 kB)
Using cached pluggy-1.6.0-py3-none-any.whl (20 kB)
Using cached pytest_asyncio-0.26.0-py3-none-any.whl (19 kB)
Using cached pytest_cov-5.0.0-py3-none-any.whl (21 kB)
Using cached requests-2.32.5-py3-none-any.whl (64 kB)
Using cached charset_normalizer-3.4.7-cp39-cp39-macosx_10_9_universal2.whl (299 kB)
Using cached idna-3.11-py3-none-any.whl (71 kB)
Using cached requests_mock-1.12.1-py2.py3-none-any.whl (27 kB)
Using cached ruff-0.15.11-py3-none-macosx_11_0_arm64.whl (10.3 MB)
Using cached urllib3-2.6.3-py3-none-any.whl (131 kB)
Using cached attrs-26.1.0-py3-none-any.whl (67 kB)
Using cached black-25.11.0-cp39-cp39-macosx_11_0_arm64.whl (1.6 MB)
Using cached certifi-2026.2.25-py3-none-any.whl (153 kB)
Using cached click-8.1.8-py3-none-any.whl (98 kB)
Using cached coverage-7.10.7-cp39-cp39-macosx_11_0_arm64.whl (218 kB)
Using cached exceptiongroup-1.3.1-py3-none-any.whl (16 kB)
Using cached h11-0.16.0-py3-none-any.whl (37 kB)
Using cached iniconfig-2.1.0-py3-none-any.whl (6.0 kB)
Using cached isort-6.1.0-py3-none-any.whl (94 kB)
Using cached importlib_metadata-8.7.1-py3-none-any.whl (27 kB)
Using cached jsonschema_specifications-2025.9.1-py3-none-any.whl (18 kB)
Using cached librt-0.9.0-cp39-cp39-macosx_11_0_arm64.whl (70 kB)
Using cached mypy_extensions-1.1.0-py3-none-any.whl (5.0 kB)
Using cached pathspec-1.0.4-py3-none-any.whl (55 kB)
Using cached platformdirs-4.4.0-py3-none-any.whl (18 kB)
Using cached pygments-2.20.0-py3-none-any.whl (1.2 MB)
Using cached pytokens-0.4.1-cp39-cp39-macosx_11_0_arm64.whl (161 kB)
Using cached referencing-0.36.2-py3-none-any.whl (26 kB)
Using cached rpds_py-0.27.1-cp39-cp39-macosx_11_0_arm64.whl (354 kB)
Using cached tomli-2.4.1-py3-none-any.whl (14 kB)
Using cached typing_extensions-4.15.0-py3-none-any.whl (44 kB)
Using cached zipp-3.23.1-py3-none-any.whl (10 kB)
Using cached anyio-4.12.1-py3-none-any.whl (113 kB)
Building wheels for collected packages: hysight-workspace
  Building editable for hysight-workspace (pyproject.toml): started
  Building editable for hysight-workspace (pyproject.toml): finished with status 'done'
  Created wheel for hysight-workspace: filename=hysight_workspace-0.1.0-0.editable-py3-none-any.whl size=9426 sha256=c6379072374832ae5a39e25aeb04e038255c0163b44e74bb9af30d0cb94c8b4c
  Stored in directory: /private/var/folders/xt/jh84t2kj6hl26tk5qx3m_28h0000gn/T/pip-ephem-wheel-cache-2hj8586x/wheels/86/b9/ab/8b9ada40c7c8588c465513f5bdeedb6ac39401412e6ec39f34
Successfully built hysight-workspace
Installing collected packages: zipp, urllib3, typing_extensions, tomli, ruff, rpds-py, pytokens, pygments, pyflakes, pycodestyle, pluggy, platformdirs, pathspec, mypy_extensions, mccabe, librt, iniconfig, idna, hysight-workspace, h11, coverage, click, charset_normalizer, certifi, attrs, requests, referencing, mypy, importlib-metadata, httpcore, flake8, exceptiongroup, black, requests-mock, pytest, jsonschema-specifications, isort, anyio, pytest-cov, pytest-asyncio, jsonschema, httpx

Successfully installed anyio-4.12.1 attrs-26.1.0 black-25.11.0 certifi-2026.2.25 charset_normalizer-3.4.7 click-8.1.8 coverage-7.10.7 exceptiongroup-1.3.1 flake8-7.3.0 h11-0.16.0 httpcore-1.0.9 httpx-0.28.1 hysight-workspace-0.1.0 idna-3.11 importlib-metadata-8.7.1 iniconfig-2.1.0 isort-6.1.0 jsonschema-4.25.1 jsonschema-specifications-2025.9.1 librt-0.9.0 mccabe-0.7.0 mypy-1.19.1 mypy_extensions-1.1.0 pathspec-1.0.4 platformdirs-4.4.0 pluggy-1.6.0 pycodestyle-2.14.0 pyflakes-3.4.0 pygments-2.20.0 pytest-8.4.2 pytest-asyncio-0.26.0 pytest-cov-5.0.0 pytokens-0.4.1 referencing-0.36.2 requests-2.32.5 requests-mock-1.12.1 rpds-py-0.27.1 ruff-0.15.11 tomli-2.4.1 typing_extensions-4.15.0 urllib3-2.6.3 zipp-3.23.1
