warning: function `truncate_at_boundary` is never used
   --> /private/tmp/hysight31-release-seal/memvid/src/extract_budgeted.rs:208:4
    |
208 | fn truncate_at_boundary(text: &str, max_chars: usize) -> String {
    |    ^^^^^^^^^^^^^^^^^^^^
    |
    = note: `#[warn(dead_code)]` (part of `#[warn(unused)]`) on by default

warning: `memvid-core` (lib) generated 1 warning
    Finished `release` profile [optimized] target(s) in 0.36s
     Running `memvid_service/target/release/memvid-sidecar`
[2m2026-04-19T21:33:20.147005Z[0m [32m INFO[0m [2mmemvid_sidecar[0m[2m:[0m memvid-sidecar v3 (Tantivy BM25 + HNSW semantic + session isolation)
[2m2026-04-19T21:33:20.147182Z[0m [32m INFO[0m [2mmemvid_sidecar[0m[2m:[0m Creating store: /private/var/folders/xt/jh84t2kj6hl26tk5qx3m_28h0000gn/T/hysight-sidecar-proof-93ml09nk/user_default/memory.mv2
[2m2026-04-19T21:33:20.150683Z[0m [32m INFO[0m [2mtantivy::indexer::segment_updater[0m[2m:[0m save metas
[2m2026-04-19T21:33:20.182409Z[0m [32m INFO[0m [2mtantivy::directory::file_watcher[0m[2m:[0m Meta file "/private/var/folders/xt/jh84t2kj6hl26tk5qx3m_28h0000gn/T/.tmpnnno7l/meta.json" was modified
[2m2026-04-19T21:33:20.182857Z[0m [32m INFO[0m [2mtantivy::indexer::index_writer[0m[2m:[0m Preparing commit
[2m2026-04-19T21:33:20.183499Z[0m [32m INFO[0m [2mtantivy::indexer::index_writer[0m[2m:[0m Prepared commit 0
[2m2026-04-19T21:33:20.183504Z[0m [32m INFO[0m [2mtantivy::indexer::prepared_commit[0m[2m:[0m committing 0
[2m2026-04-19T21:33:20.183551Z[0m [32m INFO[0m [2mtantivy::indexer::segment_updater[0m[2m:[0m save metas
[2m2026-04-19T21:33:20.191852Z[0m [32m INFO[0m [2mtantivy::indexer::segment_updater[0m[2m:[0m Running garbage collection
[2m2026-04-19T21:33:20.191920Z[0m [32m INFO[0m [2mtantivy::directory::managed_directory[0m[2m:[0m Garbage collect
[2m2026-04-19T21:33:20.192274Z[0m [32m INFO[0m [2mtantivy::indexer::index_writer[0m[2m:[0m Preparing commit
[2m2026-04-19T21:33:20.192355Z[0m [32m INFO[0m [2mtantivy::indexer::index_writer[0m[2m:[0m Prepared commit 0
[2m2026-04-19T21:33:20.192360Z[0m [32m INFO[0m [2mtantivy::indexer::prepared_commit[0m[2m:[0m committing 0
[2m2026-04-19T21:33:20.192369Z[0m [32m INFO[0m [2mtantivy::indexer::segment_updater[0m[2m:[0m save metas
[2m2026-04-19T21:33:20.200853Z[0m [32m INFO[0m [2mtantivy::indexer::segment_updater[0m[2m:[0m Running garbage collection
[2m2026-04-19T21:33:20.200925Z[0m [32m INFO[0m [2mtantivy::directory::managed_directory[0m[2m:[0m Garbage collect
[2m2026-04-19T21:33:20.201389Z[0m [32m INFO[0m [2mmemvid_core::memvid::mutation[0m[2m:[0m rewrite_toc_footer: about to serialize TOC [3mvec_segments[0m[2m=[0m0 [3mlex_segments[0m[2m=[0m0 [3mtime_segments[0m[2m=[0m0 [3mfooter_offset[0m[2m=[0m69632 [3mdata_end[0m[2m=[0m69632
[2m2026-04-19T21:33:20.210758Z[0m [32m INFO[0m [2mmemvid_sidecar[0m[2m:[0m Scanning 0 frames…
[2m2026-04-19T21:33:20.210774Z[0m [32m INFO[0m [2mmemvid_sidecar[0m[2m:[0m Loaded 0 memories (0 with embeddings).
[2m2026-04-19T21:33:20.211309Z[0m [32m INFO[0m [2mmemvid_sidecar[0m[2m:[0m Listening on 0.0.0.0:3032
[2m2026-04-19T21:33:23.536024Z[0m [32m INFO[0m [2mtantivy::indexer::index_writer[0m[2m:[0m Preparing commit
[2m2026-04-19T21:33:23.598890Z[0m [32m INFO[0m [2mtantivy::indexer::index_writer[0m[2m:[0m Prepared commit 2
[2m2026-04-19T21:33:23.598915Z[0m [32m INFO[0m [2mtantivy::indexer::prepared_commit[0m[2m:[0m committing 2
[2m2026-04-19T21:33:23.598936Z[0m [32m INFO[0m [2mtantivy::indexer::segment_updater[0m[2m:[0m save metas
[2m2026-04-19T21:33:23.607909Z[0m [32m INFO[0m [2mtantivy::indexer::segment_updater[0m[2m:[0m Running garbage collection
[2m2026-04-19T21:33:23.607987Z[0m [32m INFO[0m [2mtantivy::directory::managed_directory[0m[2m:[0m Garbage collect
[2m2026-04-19T21:33:23.619035Z[0m [32m INFO[0m [2mtantivy::indexer::segment_updater[0m[2m:[0m save metas
[2m2026-04-19T21:33:23.663579Z[0m [32m INFO[0m [2mtantivy::indexer::index_writer[0m[2m:[0m Preparing commit
[2m2026-04-19T21:33:23.663609Z[0m [32m INFO[0m [2mtantivy::directory::file_watcher[0m[2m:[0m Meta file "/private/var/folders/xt/jh84t2kj6hl26tk5qx3m_28h0000gn/T/.tmpwYoCUz/meta.json" was modified
[2m2026-04-19T21:33:23.663960Z[0m [32m INFO[0m [2mtantivy::indexer::index_writer[0m[2m:[0m Prepared commit 0
[2m2026-04-19T21:33:23.667695Z[0m [32m INFO[0m [2mtantivy::indexer::prepared_commit[0m[2m:[0m committing 0
[2m2026-04-19T21:33:23.667719Z[0m [32m INFO[0m [2mtantivy::indexer::segment_updater[0m[2m:[0m save metas
[2m2026-04-19T21:33:23.677001Z[0m [32m INFO[0m [2mtantivy::indexer::segment_updater[0m[2m:[0m Running garbage collection
[2m2026-04-19T21:33:23.677016Z[0m [32m INFO[0m [2mtantivy::directory::managed_directory[0m[2m:[0m Garbage collect
[2m2026-04-19T21:33:23.677482Z[0m [32m INFO[0m [2mtantivy::indexer::index_writer[0m[2m:[0m Preparing commit
[2m2026-04-19T21:33:23.723844Z[0m [32m INFO[0m [2mtantivy::directory::file_watcher[0m[2m:[0m Meta file "/private/var/folders/xt/jh84t2kj6hl26tk5qx3m_28h0000gn/T/.tmpnnno7l/meta.json" was modified
[2m2026-04-19T21:33:23.735703Z[0m [32m INFO[0m [2mtantivy::indexer::index_writer[0m[2m:[0m Prepared commit 2
[2m2026-04-19T21:33:23.735717Z[0m [32m INFO[0m [2mtantivy::indexer::prepared_commit[0m[2m:[0m committing 2
[2m2026-04-19T21:33:23.735732Z[0m [32m INFO[0m [2mtantivy::indexer::segment_updater[0m[2m:[0m save metas
[2m2026-04-19T21:33:23.744098Z[0m [32m INFO[0m [2mtantivy::indexer::segment_updater[0m[2m:[0m Running garbage collection
[2m2026-04-19T21:33:23.744109Z[0m [32m INFO[0m [2mtantivy::directory::managed_directory[0m[2m:[0m Garbage collect
[2m2026-04-19T21:33:23.746248Z[0m [32m INFO[0m [2mtantivy::indexer::index_writer[0m[2m:[0m Preparing commit
[2m2026-04-19T21:33:23.746810Z[0m [32m INFO[0m [2mtantivy::indexer::index_writer[0m[2m:[0m Prepared commit 2
[2m2026-04-19T21:33:23.746819Z[0m [32m INFO[0m [2mtantivy::indexer::prepared_commit[0m[2m:[0m committing 2
[2m2026-04-19T21:33:23.746835Z[0m [32m INFO[0m [2mtantivy::indexer::segment_updater[0m[2m:[0m save metas
[2m2026-04-19T21:33:23.760330Z[0m [32m INFO[0m [2mtantivy::indexer::segment_updater[0m[2m:[0m Running garbage collection
[2m2026-04-19T21:33:23.760351Z[0m [32m INFO[0m [2mtantivy::directory::managed_directory[0m[2m:[0m Garbage collect
[2m2026-04-19T21:33:23.760537Z[0m [32m INFO[0m [2mtantivy::directory::managed_directory[0m[2m:[0m Deleted "a762dd40b1144771a67d2e975c80d246.pos"
[2m2026-04-19T21:33:23.760616Z[0m [32m INFO[0m [2mtantivy::directory::managed_directory[0m[2m:[0m Deleted "a762dd40b1144771a67d2e975c80d246.idx"
[2m2026-04-19T21:33:23.760688Z[0m [32m INFO[0m [2mtantivy::directory::managed_directory[0m[2m:[0m Deleted "a762dd40b1144771a67d2e975c80d246.term"
[2m2026-04-19T21:33:23.760753Z[0m [32m INFO[0m [2mtantivy::directory::managed_directory[0m[2m:[0m Deleted "a762dd40b1144771a67d2e975c80d246.fieldnorm"
[2m2026-04-19T21:33:23.760814Z[0m [32m INFO[0m [2mtantivy::directory::managed_directory[0m[2m:[0m Deleted "a762dd40b1144771a67d2e975c80d246.store"
[2m2026-04-19T21:33:23.760877Z[0m [32m INFO[0m [2mtantivy::directory::managed_directory[0m[2m:[0m Deleted "a762dd40b1144771a67d2e975c80d246.fast"
[2m2026-04-19T21:33:23.771556Z[0m [32m INFO[0m [2mtantivy::indexer::index_writer[0m[2m:[0m Preparing commit
[2m2026-04-19T21:33:23.829873Z[0m [32m INFO[0m [2mtantivy::indexer::index_writer[0m[2m:[0m Prepared commit 4
[2m2026-04-19T21:33:23.829891Z[0m [32m INFO[0m [2mtantivy::indexer::prepared_commit[0m[2m:[0m committing 4
[2m2026-04-19T21:33:23.829910Z[0m [32m INFO[0m [2mtantivy::indexer::segment_updater[0m[2m:[0m save metas
[2m2026-04-19T21:33:23.838040Z[0m [32m INFO[0m [2mtantivy::indexer::segment_updater[0m[2m:[0m Running garbage collection
[2m2026-04-19T21:33:23.838060Z[0m [32m INFO[0m [2mtantivy::directory::managed_directory[0m[2m:[0m Garbage collect
[2m2026-04-19T21:33:23.838900Z[0m [32m INFO[0m [2mtantivy::indexer::index_writer[0m[2m:[0m Preparing commit
[2m2026-04-19T21:33:23.839029Z[0m [32m INFO[0m [2mtantivy::indexer::index_writer[0m[2m:[0m Prepared commit 4
[2m2026-04-19T21:33:23.839038Z[0m [32m INFO[0m [2mtantivy::indexer::prepared_commit[0m[2m:[0m committing 4
[2m2026-04-19T21:33:23.839057Z[0m [32m INFO[0m [2mtantivy::indexer::segment_updater[0m[2m:[0m save metas
[2m2026-04-19T21:33:23.848221Z[0m [32m INFO[0m [2mtantivy::indexer::segment_updater[0m[2m:[0m Running garbage collection
[2m2026-04-19T21:33:23.848236Z[0m [32m INFO[0m [2mtantivy::directory::managed_directory[0m[2m:[0m Garbage collect
[2m2026-04-19T21:33:23.853839Z[0m [32m INFO[0m [2mmemvid_core::memvid::mutation[0m[2m:[0m rewrite_toc_footer: about to serialize TOC [3mvec_segments[0m[2m=[0m0 [3mlex_segments[0m[2m=[0m0 [3mtime_segments[0m[2m=[0m0 [3mfooter_offset[0m[2m=[0m74445 [3mdata_end[0m[2m=[0m69747
[2m2026-04-19T21:33:23.857767Z[0m [32m INFO[0m [2mmemvid_core::memvid::mutation[0m[2m:[0m rebuild_indexes: ti_offset=69719 ti_length=28 computed_footer=74445 current_footer=74445 (before setting)
[2m2026-04-19T21:33:23.857799Z[0m [32m INFO[0m [2mmemvid_core::memvid::mutation[0m[2m:[0m rewrite_toc_footer: about to serialize TOC [3mvec_segments[0m[2m=[0m0 [3mlex_segments[0m[2m=[0m0 [3mtime_segments[0m[2m=[0m0 [3mfooter_offset[0m[2m=[0m74445 [3mdata_end[0m[2m=[0m69719
[2m2026-04-19T21:33:23.861725Z[0m [32m INFO[0m [2mmemvid_core::memvid::mutation[0m[2m:[0m ✓ Doctor lex index rebuild succeeded: 1 docs from 1 frames (0 text-indexable)
[2m2026-04-19T21:33:23.861761Z[0m [32m INFO[0m [2mmemvid_core::memvid::mutation[0m[2m:[0m rewrite_toc_footer: about to serialize TOC [3mvec_segments[0m[2m=[0m0 [3mlex_segments[0m[2m=[0m0 [3mtime_segments[0m[2m=[0m0 [3mfooter_offset[0m[2m=[0m74501 [3mdata_end[0m[2m=[0m69719
[2m2026-04-19T21:33:24.164701Z[0m [32m INFO[0m [2mtantivy::directory::file_watcher[0m[2m:[0m Meta file "/private/var/folders/xt/jh84t2kj6hl26tk5qx3m_28h0000gn/T/.tmpwYoCUz/meta.json" was modified
