yarn install v1.22.22
$ node ./scripts/verify-runtime.js
[1/5] Validating package.json...
[2/5] Resolving packages...
[3/5] Fetching packages...
[4/5] Linking dependencies...
warning " > react-day-picker@8.10.1" has incorrect peer dependency "date-fns@^2.28.0 || ^3.0.0".
warning " > react-day-picker@8.10.1" has incorrect peer dependency "react@^16.8.0 || ^17.0.0 || ^18.0.0".
warning " > react-markdown@10.1.0" has unmet peer dependency "@types/react@>=18".
warning " > @babel/plugin-proposal-private-property-in-object@7.21.11" has unmet peer dependency "@babel/core@^7.0.0-0".
warning "react-scripts > eslint-config-react-app > eslint-plugin-flowtype@8.0.3" has unmet peer dependency "@babel/plugin-syntax-flow@^7.14.5".
warning "react-scripts > eslint-config-react-app > eslint-plugin-flowtype@8.0.3" has unmet peer dependency "@babel/plugin-transform-react-jsx@^7.14.9".
warning "react-scripts > react-dev-utils > fork-ts-checker-webpack-plugin@6.5.3" has unmet peer dependency "typescript@>= 2.7".
warning "react-scripts > eslint-config-react-app > @typescript-eslint/eslint-plugin > tsutils@3.21.0" has unmet peer dependency "typescript@>=2.8.0 || >= 3.2.0-dev || >= 3.3.0-dev || >= 3.4.0-dev || >= 3.5.0-dev || >= 3.6.0-dev || >= 3.6.0-beta || >= 3.7.0-dev || >= 3.7.0-beta".
warning " > recharts@3.8.1" has unmet peer dependency "react-is@^16.8.0 || ^17.0.0 || ^18.0.0 || ^19.0.0".
warning "@craco/craco > cosmiconfig-typescript-loader@1.0.9" has unmet peer dependency "@types/node@*".
warning "@craco/craco > cosmiconfig-typescript-loader@1.0.9" has unmet peer dependency "typescript@>=3".
warning "@craco/craco > cosmiconfig-typescript-loader > ts-node@10.9.2" has unmet peer dependency "@types/node@*".
warning "@craco/craco > cosmiconfig-typescript-loader > ts-node@10.9.2" has unmet peer dependency "typescript@>=2.7".
warning Workspaces can only be enabled in private projects.
warning Workspaces can only be enabled in private projects.
[5/5] Building fresh packages...
Done in 7.87s.
