   Compiling cfg-if v1.0.4
   Compiling proc-macro2 v1.0.106
   Compiling unicode-ident v1.0.24
   Compiling quote v1.0.45
   Compiling libc v0.2.184
   Compiling serde_core v1.0.228
   Compiling serde v1.0.228
   Compiling version_check v0.9.5
   Compiling itoa v1.0.18
   Compiling memchr v2.8.0
   Compiling typenum v1.19.0
   Compiling autocfg v1.5.0
   Compiling pin-project-lite v0.2.17
   Compiling log v0.4.29
   Compiling generic-array v0.14.7
   Compiling zerocopy v0.8.48
   Compiling once_cell v1.21.4
   Compiling futures-core v0.3.32
   Compiling libm v0.2.16
   Compiling num-traits v0.2.19
   Compiling shlex v1.3.0
   Compiling find-msvc-tools v0.1.9
   Compiling crossbeam-utils v0.8.21
   Compiling bytes v1.11.1
   Compiling crc32fast v1.5.0
   Compiling byteorder v1.5.0
   Compiling regex-syntax v0.8.10
   Compiling bitflags v2.11.0
   Compiling rustversion v1.0.22
   Compiling powerfmt v0.2.0
   Compiling jobserver v0.1.34
   Compiling syn v2.0.117
   Compiling tracing-core v0.1.36
   Compiling parking_lot_core v0.9.12
   Compiling getrandom v0.2.17
   Compiling errno v0.3.14
   Compiling cc v1.2.60
   Compiling rand_core v0.6.4
   Compiling crypto-common v0.1.7
   Compiling time-core v0.1.8
   Compiling futures-task v0.3.32
   Compiling num-conv v0.2.1
   Compiling simd-adler32 v0.3.9
   Compiling slab v0.4.12
   Compiling getrandom v0.3.4
   Compiling crunchy v0.2.4
   Compiling block-padding v0.3.3
   Compiling block-buffer v0.10.4
   Compiling http v1.4.0
   Compiling ident_case v1.0.1
   Compiling pkg-config v0.3.32
   Compiling scopeguard v1.2.0
   Compiling strsim v0.11.1
   Compiling adler2 v2.0.1
   Compiling zmij v1.0.21
   Compiling stable_deref_trait v1.2.1
   Compiling equivalent v1.0.2
   Compiling either v1.15.0
   Compiling ownedbytes v0.9.0
   Compiling miniz_oxide v0.8.9
   Compiling lock_api v0.4.14
   Compiling deranged v0.5.8
   Compiling digest v0.10.7
   Compiling inout v0.1.4
   Compiling crossbeam-epoch v0.9.18
   Compiling http-body v1.0.1
   Compiling aho-corasick v1.1.4
   Compiling serde_json v1.0.149
   Compiling getrandom v0.4.2
   Compiling zstd-sys v2.0.16+zstd.1.5.7
   Compiling zlib-rs v0.6.3
   Compiling prettyplease v0.2.37
   Compiling rustix v1.1.4
   Compiling semver v1.0.28
   Compiling rayon-core v1.13.0
   Compiling rustc_version v0.4.1
   Compiling crossbeam-deque v0.8.6
   Compiling cipher v0.4.4
   Compiling bitpacking v0.9.3
   Compiling time v0.3.47
   Compiling regex-automata v0.4.14
   Compiling ppv-lite86 v0.2.21
   Compiling darling_core v0.23.0
   Compiling rand_chacha v0.3.1
   Compiling rand_core v0.9.5
   Compiling signal-hook-registry v1.4.8
   Compiling rand v0.8.5
   Compiling cpufeatures v0.2.17
   Compiling mio v1.2.0
   Compiling socket2 v0.6.3
   Compiling serde_derive v1.0.228
   Compiling futures-macro v0.3.32
   Compiling async-trait v0.1.89
   Compiling tracing-attributes v0.1.31
   Compiling futures-util v0.3.32
   Compiling darling_macro v0.23.0
   Compiling flate2 v1.1.9
   Compiling tokio-macros v2.7.0
   Compiling encoding_rs v0.8.35
   Compiling tinyvec_macros v0.1.1
   Compiling tracing v0.1.44
   Compiling cfg_aliases v0.2.1
   Compiling tower-service v0.3.3
   Compiling httparse v1.10.1
   Compiling thiserror v2.0.18
   Compiling utf8-ranges v1.0.5
   Compiling nix v0.30.1
   Compiling tantivy-fst v0.5.0
   Compiling tinyvec v1.11.0
   Compiling darling v0.23.0
   Compiling thiserror-impl v2.0.18
   Compiling rand_distr v0.4.3
   Compiling rand_chacha v0.9.0
   Compiling smallvec v1.15.1
   Compiling tantivy-common v0.10.0
   Compiling parking_lot v0.12.5
   Compiling curve25519-dalek v4.1.3
   Compiling tokio v1.51.1
   Compiling itertools v0.14.0
   Compiling ahash v0.7.8
   Compiling zstd-safe v7.2.4
   Compiling foldhash v0.1.5
   Compiling murmurhash32 v0.3.1
   Compiling minimal-lexical v0.2.1
   Compiling tower-layer v0.3.3
   Compiling hashbrown v0.17.0
   Compiling core-foundation-sys v0.8.7
   Compiling allocator-api2 v0.2.21
   Compiling doc-comment v0.3.4
   Compiling iana-time-zone v0.1.65
   Compiling nom v7.1.3
   Compiling hashbrown v0.15.5
   Compiling tantivy-stacker v0.6.0
   Compiling indexmap v2.14.0
   Compiling bon-macros v3.9.1
   Compiling rayon v1.11.0
   Compiling unicode-normalization v0.1.25
   Compiling rand v0.9.3
   Compiling sha2 v0.10.9
   Compiling blake3 v1.8.4
   Compiling http-body-util v0.1.3
   Compiling futures-channel v0.3.32
   Compiling fs-err v3.3.0
   Compiling nom v8.0.0
   Compiling bumpalo v3.20.2
   Compiling percent-encoding v2.3.2
   Compiling tantivy-bitpacker v0.9.0
   Compiling tantivy-sstable v0.6.0
   Compiling httpdate v1.0.3
   Compiling fastrand v2.4.1
   Compiling atomic-waker v1.1.2
   Compiling unicode-properties v0.1.4
   Compiling bytecount v0.6.9
   Compiling virtue v0.0.18
   Compiling signature v2.2.0
   Compiling fastdivide v0.4.2
   Compiling sync_wrapper v1.0.2
   Compiling zeroize v1.8.2
   Compiling unicode-bidi v0.3.18
   Compiling subtle v2.6.1
   Compiling downcast-rs v2.0.2
   Compiling tantivy-columnar v0.6.0
   Compiling ed25519 v2.2.3
   Compiling bincode_derive v2.0.1
   Compiling stringprep v0.1.5
   Compiling hyper v1.9.0
   Compiling tempfile v3.27.0
   Compiling form_urlencoded v1.2.2
   Compiling zopfli v0.8.3
   Compiling nom_locate v5.0.0
   Compiling bon v3.9.1
   Compiling tantivy-query-grammar v0.25.0
   Compiling lru v0.12.5
   Compiling chrono v0.4.44
   Compiling fs4 v0.13.1
   Compiling uuid v1.23.0
   Compiling sketches-ddsketch v0.3.1
   Compiling rust-stemmers v1.2.0
   Compiling hyperloglogplus v0.4.1
   Compiling tantivy-tokenizer-api v0.6.0
   Compiling quick-xml v0.30.0
   Compiling codepage v0.1.2
   Compiling zip v0.6.6
   Compiling regex v1.12.3
   Compiling aes v0.8.4
   Compiling cbc v0.1.2
   Compiling ecb v0.1.2
   Compiling md-5 v0.10.6
   Compiling arc-swap v1.9.1
   Compiling crossbeam-channel v0.5.15
   Compiling dirs-sys-next v0.1.2
   Compiling memmap2 v0.9.10
   Compiling measure_time v0.9.0
   Compiling rustc-hash v2.1.2
   Compiling weezl v0.1.12
   Compiling mime v0.3.17
   Compiling arrayvec v0.7.6
   Compiling htmlescape v0.3.1
   Compiling census v0.4.2
   Compiling fnv v1.0.7
   Compiling typed-path v0.12.3
   Compiling lazy_static v1.5.0
   Compiling ttf-parser v0.25.1
   Compiling oneshot v0.1.13
   Compiling twox-hash v2.1.2
   Compiling constant_time_eq v0.4.2
   Compiling ryu v1.0.23
   Compiling jiff v0.2.23
   Compiling unty v0.0.4
   Compiling levenshtein_automata v0.2.1
   Compiling rangemap v1.7.1
   Compiling base64 v0.22.1
   Compiling arrayref v0.3.9
   Compiling bincode v2.0.1
   Compiling zip v7.2.0
   Compiling tantivy v0.25.0
   Compiling serde_urlencoded v0.7.1
   Compiling lz4_flex v0.12.1
   Compiling sharded-slab v0.1.7
   Compiling axum-core v0.4.5
   Compiling dirs-next v2.0.0
   Compiling calamine v0.22.1
   Compiling hashbrown v0.11.2
   Compiling space v0.17.0
   Compiling atomic-write-file v0.3.0
   Compiling hyper-util v0.1.20
   Compiling tower v0.5.3
   Compiling ed25519-dalek v2.2.0
   Compiling matchers v0.2.0
   Compiling lopdf v0.39.0
   Compiling serde_path_to_error v0.1.20
   Compiling tracing-log v0.2.0
   Compiling fs2 v0.4.3
   Compiling quick-xml v0.31.0
   Compiling thread_local v1.1.9
   Compiling unicode-segmentation v1.13.2
   Compiling nu-ansi-term v0.50.3
   Compiling matchit v0.7.3
   Compiling same-file v1.0.6
   Compiling hex v0.4.3
   Compiling axum v0.7.9
   Compiling tracing-subscriber v0.3.23
   Compiling hnsw v0.11.0
   Compiling tower-http v0.5.2
   Compiling rand_pcg v0.3.1
   Compiling zstd v0.13.3
   Compiling memvid-core v2.0.139 (/private/tmp/hysight29-release-seal/memvid)
warning: function `truncate_at_boundary` is never used
   --> /private/tmp/hysight29-release-seal/memvid/src/extract_budgeted.rs:208:4
    |
208 | fn truncate_at_boundary(text: &str, max_chars: usize) -> String {
    |    ^^^^^^^^^^^^^^^^^^^^
    |
    = note: `#[warn(dead_code)]` (part of `#[warn(unused)]`) on by default

warning: `memvid-core` (lib) generated 1 warning
   Compiling memvid-sidecar v0.1.0 (/private/tmp/hysight29-release-seal/memvid_service)
    Finished `release` profile [optimized] target(s) in 43.64s
     Running `memvid_service/target/release/memvid-sidecar`
[2m2026-04-19T21:05:50.011525Z[0m [32m INFO[0m [2mmemvid_sidecar[0m[2m:[0m memvid-sidecar v3 (Tantivy BM25 + HNSW semantic + session isolation)
[2m2026-04-19T21:05:50.011936Z[0m [32m INFO[0m [2mmemvid_sidecar[0m[2m:[0m Creating store: /private/var/folders/xt/jh84t2kj6hl26tk5qx3m_28h0000gn/T/hysight-sidecar-proof-z0rzwpm2/user_default/memory.mv2
[2m2026-04-19T21:05:50.016670Z[0m [32m INFO[0m [2mtantivy::indexer::segment_updater[0m[2m:[0m save metas
[2m2026-04-19T21:05:50.059924Z[0m [32m INFO[0m [2mtantivy::directory::file_watcher[0m[2m:[0m Meta file "/private/var/folders/xt/jh84t2kj6hl26tk5qx3m_28h0000gn/T/.tmpOAQX6o/meta.json" was modified
[2m2026-04-19T21:05:50.060499Z[0m [32m INFO[0m [2mtantivy::indexer::index_writer[0m[2m:[0m Preparing commit
[2m2026-04-19T21:05:50.061110Z[0m [32m INFO[0m [2mtantivy::indexer::index_writer[0m[2m:[0m Prepared commit 0
[2m2026-04-19T21:05:50.061120Z[0m [32m INFO[0m [2mtantivy::indexer::prepared_commit[0m[2m:[0m committing 0
[2m2026-04-19T21:05:50.061160Z[0m [32m INFO[0m [2mtantivy::indexer::segment_updater[0m[2m:[0m save metas
[2m2026-04-19T21:05:50.069120Z[0m [32m INFO[0m [2mtantivy::indexer::segment_updater[0m[2m:[0m Running garbage collection
[2m2026-04-19T21:05:50.069127Z[0m [32m INFO[0m [2mtantivy::directory::managed_directory[0m[2m:[0m Garbage collect
[2m2026-04-19T21:05:50.069474Z[0m [32m INFO[0m [2mtantivy::indexer::index_writer[0m[2m:[0m Preparing commit
[2m2026-04-19T21:05:50.069538Z[0m [32m INFO[0m [2mtantivy::indexer::index_writer[0m[2m:[0m Prepared commit 0
[2m2026-04-19T21:05:50.069547Z[0m [32m INFO[0m [2mtantivy::indexer::prepared_commit[0m[2m:[0m committing 0
[2m2026-04-19T21:05:50.069554Z[0m [32m INFO[0m [2mtantivy::indexer::segment_updater[0m[2m:[0m save metas
[2m2026-04-19T21:05:50.078088Z[0m [32m INFO[0m [2mtantivy::indexer::segment_updater[0m[2m:[0m Running garbage collection
[2m2026-04-19T21:05:50.078093Z[0m [32m INFO[0m [2mtantivy::directory::managed_directory[0m[2m:[0m Garbage collect
[2m2026-04-19T21:05:50.078399Z[0m [32m INFO[0m [2mmemvid_core::memvid::mutation[0m[2m:[0m rewrite_toc_footer: about to serialize TOC [3mvec_segments[0m[2m=[0m0 [3mlex_segments[0m[2m=[0m0 [3mtime_segments[0m[2m=[0m0 [3mfooter_offset[0m[2m=[0m69632 [3mdata_end[0m[2m=[0m69632
[2m2026-04-19T21:05:50.087530Z[0m [32m INFO[0m [2mmemvid_sidecar[0m[2m:[0m Scanning 0 frames…
[2m2026-04-19T21:05:50.087538Z[0m [32m INFO[0m [2mmemvid_sidecar[0m[2m:[0m Loaded 0 memories (0 with embeddings).
[2m2026-04-19T21:05:50.088103Z[0m [32m INFO[0m [2mmemvid_sidecar[0m[2m:[0m Listening on 0.0.0.0:3032
[2m2026-04-19T21:05:53.690184Z[0m [32m INFO[0m [2mtantivy::indexer::index_writer[0m[2m:[0m Preparing commit
[2m2026-04-19T21:05:53.760020Z[0m [32m INFO[0m [2mtantivy::indexer::index_writer[0m[2m:[0m Prepared commit 2
[2m2026-04-19T21:05:53.760046Z[0m [32m INFO[0m [2mtantivy::indexer::prepared_commit[0m[2m:[0m committing 2
[2m2026-04-19T21:05:53.760067Z[0m [32m INFO[0m [2mtantivy::indexer::segment_updater[0m[2m:[0m save metas
[2m2026-04-19T21:05:53.769137Z[0m [32m INFO[0m [2mtantivy::indexer::segment_updater[0m[2m:[0m Running garbage collection
[2m2026-04-19T21:05:53.769155Z[0m [32m INFO[0m [2mtantivy::directory::managed_directory[0m[2m:[0m Garbage collect
[2m2026-04-19T21:05:53.783736Z[0m [32m INFO[0m [2mtantivy::indexer::segment_updater[0m[2m:[0m save metas
[2m2026-04-19T21:05:53.834091Z[0m [32m INFO[0m [2mtantivy::indexer::index_writer[0m[2m:[0m Preparing commit
[2m2026-04-19T21:05:53.834147Z[0m [32m INFO[0m [2mtantivy::directory::file_watcher[0m[2m:[0m Meta file "/private/var/folders/xt/jh84t2kj6hl26tk5qx3m_28h0000gn/T/.tmp6WZnvQ/meta.json" was modified
[2m2026-04-19T21:05:53.834551Z[0m [32m INFO[0m [2mtantivy::indexer::index_writer[0m[2m:[0m Prepared commit 0
[2m2026-04-19T21:05:53.837914Z[0m [32m INFO[0m [2mtantivy::indexer::prepared_commit[0m[2m:[0m committing 0
[2m2026-04-19T21:05:53.837960Z[0m [32m INFO[0m [2mtantivy::indexer::segment_updater[0m[2m:[0m save metas
[2m2026-04-19T21:05:53.848340Z[0m [32m INFO[0m [2mtantivy::indexer::segment_updater[0m[2m:[0m Running garbage collection
[2m2026-04-19T21:05:53.848350Z[0m [32m INFO[0m [2mtantivy::directory::managed_directory[0m[2m:[0m Garbage collect
[2m2026-04-19T21:05:53.848877Z[0m [32m INFO[0m [2mtantivy::indexer::index_writer[0m[2m:[0m Preparing commit
[2m2026-04-19T21:05:53.911024Z[0m [32m INFO[0m [2mtantivy::indexer::index_writer[0m[2m:[0m Prepared commit 2
[2m2026-04-19T21:05:53.911043Z[0m [32m INFO[0m [2mtantivy::indexer::prepared_commit[0m[2m:[0m committing 2
[2m2026-04-19T21:05:53.911065Z[0m [32m INFO[0m [2mtantivy::indexer::segment_updater[0m[2m:[0m save metas
[2m2026-04-19T21:05:53.921382Z[0m [32m INFO[0m [2mtantivy::indexer::segment_updater[0m[2m:[0m Running garbage collection
[2m2026-04-19T21:05:53.921397Z[0m [32m INFO[0m [2mtantivy::directory::managed_directory[0m[2m:[0m Garbage collect
[2m2026-04-19T21:05:53.924682Z[0m [32m INFO[0m [2mtantivy::indexer::index_writer[0m[2m:[0m Preparing commit
[2m2026-04-19T21:05:53.925820Z[0m [32m INFO[0m [2mtantivy::indexer::index_writer[0m[2m:[0m Prepared commit 2
[2m2026-04-19T21:05:53.925835Z[0m [32m INFO[0m [2mtantivy::indexer::prepared_commit[0m[2m:[0m committing 2
[2m2026-04-19T21:05:53.925858Z[0m [32m INFO[0m [2mtantivy::indexer::segment_updater[0m[2m:[0m save metas
[2m2026-04-19T21:05:53.940478Z[0m [32m INFO[0m [2mtantivy::indexer::segment_updater[0m[2m:[0m Running garbage collection
[2m2026-04-19T21:05:53.940490Z[0m [32m INFO[0m [2mtantivy::directory::managed_directory[0m[2m:[0m Garbage collect
[2m2026-04-19T21:05:53.940674Z[0m [32m INFO[0m [2mtantivy::directory::managed_directory[0m[2m:[0m Deleted "aae8e3f82e854dc7ad6befd2a40ade3b.fieldnorm"
[2m2026-04-19T21:05:53.940794Z[0m [32m INFO[0m [2mtantivy::directory::managed_directory[0m[2m:[0m Deleted "aae8e3f82e854dc7ad6befd2a40ade3b.store"
[2m2026-04-19T21:05:53.940909Z[0m [32m INFO[0m [2mtantivy::directory::managed_directory[0m[2m:[0m Deleted "aae8e3f82e854dc7ad6befd2a40ade3b.term"
[2m2026-04-19T21:05:53.941024Z[0m [32m INFO[0m [2mtantivy::directory::managed_directory[0m[2m:[0m Deleted "aae8e3f82e854dc7ad6befd2a40ade3b.idx"
[2m2026-04-19T21:05:53.941120Z[0m [32m INFO[0m [2mtantivy::directory::managed_directory[0m[2m:[0m Deleted "aae8e3f82e854dc7ad6befd2a40ade3b.pos"
[2m2026-04-19T21:05:53.941224Z[0m [32m INFO[0m [2mtantivy::directory::managed_directory[0m[2m:[0m Deleted "aae8e3f82e854dc7ad6befd2a40ade3b.fast"
[2m2026-04-19T21:05:53.952348Z[0m [32m INFO[0m [2mtantivy::indexer::index_writer[0m[2m:[0m Preparing commit
[2m2026-04-19T21:05:54.010305Z[0m [32m INFO[0m [2mtantivy::indexer::index_writer[0m[2m:[0m Prepared commit 4
[2m2026-04-19T21:05:54.010357Z[0m [32m INFO[0m [2mtantivy::indexer::prepared_commit[0m[2m:[0m committing 4
[2m2026-04-19T21:05:54.010391Z[0m [32m INFO[0m [2mtantivy::indexer::segment_updater[0m[2m:[0m save metas
[2m2026-04-19T21:05:54.020585Z[0m [32m INFO[0m [2mtantivy::indexer::segment_updater[0m[2m:[0m Running garbage collection
[2m2026-04-19T21:05:54.020625Z[0m [32m INFO[0m [2mtantivy::directory::managed_directory[0m[2m:[0m Garbage collect
[2m2026-04-19T21:05:54.022615Z[0m [32m INFO[0m [2mtantivy::indexer::index_writer[0m[2m:[0m Preparing commit
[2m2026-04-19T21:05:54.023157Z[0m [32m INFO[0m [2mtantivy::indexer::index_writer[0m[2m:[0m Prepared commit 4
[2m2026-04-19T21:05:54.023189Z[0m [32m INFO[0m [2mtantivy::indexer::prepared_commit[0m[2m:[0m committing 4
[2m2026-04-19T21:05:54.024868Z[0m [32m INFO[0m [2mtantivy::indexer::segment_updater[0m[2m:[0m save metas
[2m2026-04-19T21:05:54.034217Z[0m [32m INFO[0m [2mtantivy::indexer::segment_updater[0m[2m:[0m Running garbage collection
[2m2026-04-19T21:05:54.034253Z[0m [32m INFO[0m [2mtantivy::directory::managed_directory[0m[2m:[0m Garbage collect
[2m2026-04-19T21:05:54.039845Z[0m [32m INFO[0m [2mmemvid_core::memvid::mutation[0m[2m:[0m rewrite_toc_footer: about to serialize TOC [3mvec_segments[0m[2m=[0m0 [3mlex_segments[0m[2m=[0m0 [3mtime_segments[0m[2m=[0m0 [3mfooter_offset[0m[2m=[0m74447 [3mdata_end[0m[2m=[0m69754
[2m2026-04-19T21:05:54.043790Z[0m [32m INFO[0m [2mmemvid_core::memvid::mutation[0m[2m:[0m rebuild_indexes: ti_offset=69726 ti_length=28 computed_footer=74447 current_footer=74447 (before setting)
[2m2026-04-19T21:05:54.043799Z[0m [32m INFO[0m [2mmemvid_core::memvid::mutation[0m[2m:[0m rewrite_toc_footer: about to serialize TOC [3mvec_segments[0m[2m=[0m0 [3mlex_segments[0m[2m=[0m0 [3mtime_segments[0m[2m=[0m0 [3mfooter_offset[0m[2m=[0m74447 [3mdata_end[0m[2m=[0m69726
[2m2026-04-19T21:05:54.047968Z[0m [32m INFO[0m [2mmemvid_core::memvid::mutation[0m[2m:[0m ✓ Doctor lex index rebuild succeeded: 1 docs from 1 frames (0 text-indexable)
[2m2026-04-19T21:05:54.047990Z[0m [32m INFO[0m [2mmemvid_core::memvid::mutation[0m[2m:[0m rewrite_toc_footer: about to serialize TOC [3mvec_segments[0m[2m=[0m0 [3mlex_segments[0m[2m=[0m0 [3mtime_segments[0m[2m=[0m0 [3mfooter_offset[0m[2m=[0m74503 [3mdata_end[0m[2m=[0m69726
[2m2026-04-19T21:05:54.348347Z[0m [32m INFO[0m [2mtantivy::directory::file_watcher[0m[2m:[0m Meta file "/private/var/folders/xt/jh84t2kj6hl26tk5qx3m_28h0000gn/T/.tmp6WZnvQ/meta.json" was modified
