python -m venv .venv
/private/tmp/hysight32-release-seal/.venv/bin/python -m pip install --upgrade pip
Requirement already satisfied: pip in ./.venv/lib/python3.9/site-packages (21.2.3)
Collecting pip
  Using cached pip-26.0.1-py3-none-any.whl (1.8 MB)
Installing collected packages: pip
  Attempting uninstall: pip
    Found existing installation: pip 21.2.3
    Uninstalling pip-21.2.3:
      Successfully uninstalled pip-21.2.3
Successfully installed pip-26.0.1
/private/tmp/hysight32-release-seal/.venv/bin/python -m pip install -r backend/requirements-test.txt
Obtaining file:///private/tmp/hysight32-release-seal/hca (from -r backend/requirements-test.txt (line 2))
  Installing build dependencies: started
  Installing build dependencies: finished with status 'done'
  Checking if build backend supports build_editable: started
  Checking if build backend supports build_editable: finished with status 'done'
  Getting requirements to build editable: started
  Getting requirements to build editable: finished with status 'done'
  Preparing editable metadata (pyproject.toml): started
  Preparing editable metadata (pyproject.toml): finished with status 'done'
Collecting fastapi==0.110.1 (from -r /private/tmp/hysight32-release-seal/backend/requirements-core.txt (line 1))
  Using cached fastapi-0.110.1-py3-none-any.whl.metadata (24 kB)
Collecting uvicorn==0.25.0 (from -r /private/tmp/hysight32-release-seal/backend/requirements-core.txt (line 2))
  Using cached uvicorn-0.25.0-py3-none-any.whl.metadata (6.4 kB)
Collecting python-dotenv<2.0.0,>=1.0.1 (from -r /private/tmp/hysight32-release-seal/backend/requirements-core.txt (line 3))
  Using cached python_dotenv-1.2.1-py3-none-any.whl.metadata (25 kB)
Collecting httpx<1.0.0,>=0.27.0 (from -r /private/tmp/hysight32-release-seal/backend/requirements-core.txt (line 4))
  Using cached httpx-0.28.1-py3-none-any.whl.metadata (7.1 kB)
Collecting pydantic<3.0.0,>=2.6.4 (from -r /private/tmp/hysight32-release-seal/backend/requirements-core.txt (line 5))
  Using cached pydantic-2.13.2-py3-none-any.whl.metadata (108 kB)
Collecting tzdata>=2024.2 (from -r /private/tmp/hysight32-release-seal/backend/requirements-core.txt (line 6))
  Using cached tzdata-2026.1-py2.py3-none-any.whl.metadata (1.4 kB)
Collecting jsonschema<5.0.0,>=4.23.0 (from -r backend/requirements-test.txt (line 3))
  Using cached jsonschema-4.25.1-py3-none-any.whl.metadata (7.6 kB)
Collecting pytest<9.0.0,>=8.0.0 (from -r backend/requirements-test.txt (line 4))
  Using cached pytest-8.4.2-py3-none-any.whl.metadata (7.7 kB)
Collecting requests<3.0.0,>=2.31.0 (from -r backend/requirements-test.txt (line 5))
  Using cached requests-2.32.5-py3-none-any.whl.metadata (4.9 kB)
Collecting requests-mock<2.0.0,>=1.12 (from -r backend/requirements-test.txt (line 6))
  Using cached requests_mock-1.12.1-py2.py3-none-any.whl.metadata (4.1 kB)
Collecting pyyaml>=6.0 (from hybrid-cognitive-agent==0.1.0->-r backend/requirements-test.txt (line 2))
  Using cached pyyaml-6.0.3-cp39-cp39-macosx_11_0_arm64.whl.metadata (2.4 kB)
Collecting click>=7.0 (from uvicorn==0.25.0->-r /private/tmp/hysight32-release-seal/backend/requirements-core.txt (line 2))
  Using cached click-8.1.8-py3-none-any.whl.metadata (2.3 kB)
Collecting h11>=0.8 (from uvicorn==0.25.0->-r /private/tmp/hysight32-release-seal/backend/requirements-core.txt (line 2))
  Using cached h11-0.16.0-py3-none-any.whl.metadata (8.3 kB)
Collecting typing-extensions>=4.0 (from uvicorn==0.25.0->-r /private/tmp/hysight32-release-seal/backend/requirements-core.txt (line 2))
  Using cached typing_extensions-4.15.0-py3-none-any.whl.metadata (3.3 kB)
Collecting starlette<0.38.0,>=0.37.2 (from fastapi==0.110.1->-r /private/tmp/hysight32-release-seal/backend/requirements-core.txt (line 1))
  Using cached starlette-0.37.2-py3-none-any.whl.metadata (5.9 kB)
Collecting anyio (from httpx<1.0.0,>=0.27.0->-r /private/tmp/hysight32-release-seal/backend/requirements-core.txt (line 4))
  Using cached anyio-4.12.1-py3-none-any.whl.metadata (4.3 kB)
Collecting certifi (from httpx<1.0.0,>=0.27.0->-r /private/tmp/hysight32-release-seal/backend/requirements-core.txt (line 4))
  Using cached certifi-2026.2.25-py3-none-any.whl.metadata (2.5 kB)
Collecting httpcore==1.* (from httpx<1.0.0,>=0.27.0->-r /private/tmp/hysight32-release-seal/backend/requirements-core.txt (line 4))
  Using cached httpcore-1.0.9-py3-none-any.whl.metadata (21 kB)
Collecting idna (from httpx<1.0.0,>=0.27.0->-r /private/tmp/hysight32-release-seal/backend/requirements-core.txt (line 4))
  Using cached idna-3.11-py3-none-any.whl.metadata (8.4 kB)
Collecting annotated-types>=0.6.0 (from pydantic<3.0.0,>=2.6.4->-r /private/tmp/hysight32-release-seal/backend/requirements-core.txt (line 5))
  Using cached annotated_types-0.7.0-py3-none-any.whl.metadata (15 kB)
Collecting pydantic-core==2.46.2 (from pydantic<3.0.0,>=2.6.4->-r /private/tmp/hysight32-release-seal/backend/requirements-core.txt (line 5))
  Using cached pydantic_core-2.46.2-cp39-cp39-macosx_11_0_arm64.whl.metadata (6.6 kB)
Collecting typing-inspection>=0.4.2 (from pydantic<3.0.0,>=2.6.4->-r /private/tmp/hysight32-release-seal/backend/requirements-core.txt (line 5))
  Using cached typing_inspection-0.4.2-py3-none-any.whl.metadata (2.6 kB)
Collecting attrs>=22.2.0 (from jsonschema<5.0.0,>=4.23.0->-r backend/requirements-test.txt (line 3))
  Using cached attrs-26.1.0-py3-none-any.whl.metadata (8.8 kB)
Collecting jsonschema-specifications>=2023.03.6 (from jsonschema<5.0.0,>=4.23.0->-r backend/requirements-test.txt (line 3))
  Using cached jsonschema_specifications-2025.9.1-py3-none-any.whl.metadata (2.9 kB)
Collecting referencing>=0.28.4 (from jsonschema<5.0.0,>=4.23.0->-r backend/requirements-test.txt (line 3))
  Using cached referencing-0.36.2-py3-none-any.whl.metadata (2.8 kB)
Collecting rpds-py>=0.7.1 (from jsonschema<5.0.0,>=4.23.0->-r backend/requirements-test.txt (line 3))
  Using cached rpds_py-0.27.1-cp39-cp39-macosx_11_0_arm64.whl.metadata (4.2 kB)
Collecting exceptiongroup>=1 (from pytest<9.0.0,>=8.0.0->-r backend/requirements-test.txt (line 4))
  Using cached exceptiongroup-1.3.1-py3-none-any.whl.metadata (6.7 kB)
Collecting iniconfig>=1 (from pytest<9.0.0,>=8.0.0->-r backend/requirements-test.txt (line 4))
  Using cached iniconfig-2.1.0-py3-none-any.whl.metadata (2.7 kB)
Collecting packaging>=20 (from pytest<9.0.0,>=8.0.0->-r backend/requirements-test.txt (line 4))
  Using cached packaging-26.1-py3-none-any.whl.metadata (3.5 kB)
Collecting pluggy<2,>=1.5 (from pytest<9.0.0,>=8.0.0->-r backend/requirements-test.txt (line 4))
  Using cached pluggy-1.6.0-py3-none-any.whl.metadata (4.8 kB)
Collecting pygments>=2.7.2 (from pytest<9.0.0,>=8.0.0->-r backend/requirements-test.txt (line 4))
  Using cached pygments-2.20.0-py3-none-any.whl.metadata (2.5 kB)
Collecting tomli>=1 (from pytest<9.0.0,>=8.0.0->-r backend/requirements-test.txt (line 4))
  Using cached tomli-2.4.1-py3-none-any.whl.metadata (10 kB)
Collecting charset_normalizer<4,>=2 (from requests<3.0.0,>=2.31.0->-r backend/requirements-test.txt (line 5))
  Using cached charset_normalizer-3.4.7-cp39-cp39-macosx_10_9_universal2.whl.metadata (40 kB)
Collecting urllib3<3,>=1.21.1 (from requests<3.0.0,>=2.31.0->-r backend/requirements-test.txt (line 5))
  Using cached urllib3-2.6.3-py3-none-any.whl.metadata (6.9 kB)
Using cached uvicorn-0.25.0-py3-none-any.whl (60 kB)
Using cached fastapi-0.110.1-py3-none-any.whl (91 kB)
Using cached python_dotenv-1.2.1-py3-none-any.whl (21 kB)
Using cached httpx-0.28.1-py3-none-any.whl (73 kB)
Using cached pydantic-2.13.2-py3-none-any.whl (471 kB)
Using cached pydantic_core-2.46.2-cp39-cp39-macosx_11_0_arm64.whl (2.0 MB)
Using cached jsonschema-4.25.1-py3-none-any.whl (90 kB)
Using cached pytest-8.4.2-py3-none-any.whl (365 kB)
Using cached requests-2.32.5-py3-none-any.whl (64 kB)
Using cached requests_mock-1.12.1-py2.py3-none-any.whl (27 kB)
Using cached charset_normalizer-3.4.7-cp39-cp39-macosx_10_9_universal2.whl (299 kB)
Using cached httpcore-1.0.9-py3-none-any.whl (78 kB)
Using cached idna-3.11-py3-none-any.whl (71 kB)
Using cached pluggy-1.6.0-py3-none-any.whl (20 kB)
Using cached starlette-0.37.2-py3-none-any.whl (71 kB)
Using cached anyio-4.12.1-py3-none-any.whl (113 kB)
Using cached urllib3-2.6.3-py3-none-any.whl (131 kB)
Using cached tzdata-2026.1-py2.py3-none-any.whl (348 kB)
Using cached annotated_types-0.7.0-py3-none-any.whl (13 kB)
Using cached attrs-26.1.0-py3-none-any.whl (67 kB)
Using cached certifi-2026.2.25-py3-none-any.whl (153 kB)
Using cached click-8.1.8-py3-none-any.whl (98 kB)
Using cached exceptiongroup-1.3.1-py3-none-any.whl (16 kB)
Using cached h11-0.16.0-py3-none-any.whl (37 kB)
Using cached iniconfig-2.1.0-py3-none-any.whl (6.0 kB)
Using cached jsonschema_specifications-2025.9.1-py3-none-any.whl (18 kB)
Using cached packaging-26.1-py3-none-any.whl (95 kB)
Using cached pygments-2.20.0-py3-none-any.whl (1.2 MB)
Using cached pyyaml-6.0.3-cp39-cp39-macosx_11_0_arm64.whl (174 kB)
Using cached referencing-0.36.2-py3-none-any.whl (26 kB)
Using cached rpds_py-0.27.1-cp39-cp39-macosx_11_0_arm64.whl (354 kB)
Using cached tomli-2.4.1-py3-none-any.whl (14 kB)
Using cached typing_extensions-4.15.0-py3-none-any.whl (44 kB)
Using cached typing_inspection-0.4.2-py3-none-any.whl (14 kB)
Building wheels for collected packages: hybrid-cognitive-agent
  Building editable for hybrid-cognitive-agent (pyproject.toml): started
  Building editable for hybrid-cognitive-agent (pyproject.toml): finished with status 'done'
  Created wheel for hybrid-cognitive-agent: filename=hybrid_cognitive_agent-0.1.0-0.editable-py3-none-any.whl size=4857 sha256=c3c291a2f4860d0cb1741257aa759223b36d81a2ed2f040bd2ce83b765628917
  Stored in directory: /private/var/folders/xt/jh84t2kj6hl26tk5qx3m_28h0000gn/T/pip-ephem-wheel-cache-stho25w7/wheels/66/25/f6/8574f8ddbf513aa16de10b46a4adeff1e3c06149e4c2eb3b28
Successfully built hybrid-cognitive-agent
Installing collected packages: urllib3, tzdata, typing-extensions, tomli, rpds-py, pyyaml, python-dotenv, pygments, pluggy, packaging, iniconfig, idna, h11, click, charset_normalizer, certifi, attrs, annotated-types, uvicorn, typing-inspection, requests, referencing, pydantic-core, httpcore, exceptiongroup, requests-mock, pytest, pydantic, jsonschema-specifications, anyio, starlette, jsonschema, httpx, fastapi, hybrid-cognitive-agent

Successfully installed annotated-types-0.7.0 anyio-4.12.1 attrs-26.1.0 certifi-2026.2.25 charset_normalizer-3.4.7 click-8.1.8 exceptiongroup-1.3.1 fastapi-0.110.1 h11-0.16.0 httpcore-1.0.9 httpx-0.28.1 hybrid-cognitive-agent-0.1.0 idna-3.11 iniconfig-2.1.0 jsonschema-4.25.1 jsonschema-specifications-2025.9.1 packaging-26.1 pluggy-1.6.0 pydantic-2.13.2 pydantic-core-2.46.2 pygments-2.20.0 pytest-8.4.2 python-dotenv-1.2.1 pyyaml-6.0.3 referencing-0.36.2 requests-2.32.5 requests-mock-1.12.1 rpds-py-0.27.1 starlette-0.37.2 tomli-2.4.1 typing-extensions-4.15.0 typing-inspection-0.4.2 tzdata-2026.1 urllib3-2.6.3 uvicorn-0.25.0
Created .venv, installed baseline requirements, and installed editable ./hca. Next: make test
