warning: function `truncate_at_boundary` is never used
   --> /Users/dawsonblock/Hysight/memvid/src/extract_budgeted.rs:208:4
    |
208 | fn truncate_at_boundary(text: &str, max_chars: usize) -> String {
    |    ^^^^^^^^^^^^^^^^^^^^
    |
    = note: `#[warn(dead_code)]` (part of `#[warn(unused)]`) on by default

warning: `memvid-core` (lib) generated 1 warning
    Finished `release` profile [optimized] target(s) in 0.50s
     Running `memvid_service/target/release/memvid-sidecar`
[2m2026-04-18T21:38:52.668844Z[0m [32m INFO[0m [2mmemvid_sidecar[0m[2m:[0m memvid-sidecar v3 (Tantivy BM25 + HNSW semantic + session isolation)
[2m2026-04-18T21:38:52.669274Z[0m [32m INFO[0m [2mmemvid_sidecar[0m[2m:[0m Creating store: /Users/dawsonblock/Hysight/artifacts/proof/sidecar-data/user_default/memory.mv2
[2m2026-04-18T21:38:52.673892Z[0m [32m INFO[0m [2mtantivy::indexer::segment_updater[0m[2m:[0m save metas
[2m2026-04-18T21:38:52.710439Z[0m [32m INFO[0m [2mtantivy::directory::file_watcher[0m[2m:[0m Meta file "/private/var/folders/xt/jh84t2kj6hl26tk5qx3m_28h0000gn/T/.tmpyOpRcD/meta.json" was modified
[2m2026-04-18T21:38:52.711056Z[0m [32m INFO[0m [2mtantivy::indexer::index_writer[0m[2m:[0m Preparing commit
[2m2026-04-18T21:38:52.711669Z[0m [32m INFO[0m [2mtantivy::indexer::index_writer[0m[2m:[0m Prepared commit 0
[2m2026-04-18T21:38:52.711676Z[0m [32m INFO[0m [2mtantivy::indexer::prepared_commit[0m[2m:[0m committing 0
[2m2026-04-18T21:38:52.711719Z[0m [32m INFO[0m [2mtantivy::indexer::segment_updater[0m[2m:[0m save metas
[2m2026-04-18T21:38:52.719625Z[0m [32m INFO[0m [2mtantivy::indexer::segment_updater[0m[2m:[0m Running garbage collection
[2m2026-04-18T21:38:52.719635Z[0m [32m INFO[0m [2mtantivy::directory::managed_directory[0m[2m:[0m Garbage collect
[2m2026-04-18T21:38:52.719980Z[0m [32m INFO[0m [2mtantivy::indexer::index_writer[0m[2m:[0m Preparing commit
[2m2026-04-18T21:38:52.720120Z[0m [32m INFO[0m [2mtantivy::indexer::index_writer[0m[2m:[0m Prepared commit 0
[2m2026-04-18T21:38:52.720125Z[0m [32m INFO[0m [2mtantivy::indexer::prepared_commit[0m[2m:[0m committing 0
[2m2026-04-18T21:38:52.720138Z[0m [32m INFO[0m [2mtantivy::indexer::segment_updater[0m[2m:[0m save metas
[2m2026-04-18T21:38:52.729527Z[0m [32m INFO[0m [2mtantivy::indexer::segment_updater[0m[2m:[0m Running garbage collection
[2m2026-04-18T21:38:52.729533Z[0m [32m INFO[0m [2mtantivy::directory::managed_directory[0m[2m:[0m Garbage collect
[2m2026-04-18T21:38:52.729874Z[0m [32m INFO[0m [2mmemvid_core::memvid::mutation[0m[2m:[0m rewrite_toc_footer: about to serialize TOC [3mvec_segments[0m[2m=[0m0 [3mlex_segments[0m[2m=[0m0 [3mtime_segments[0m[2m=[0m0 [3mfooter_offset[0m[2m=[0m69632 [3mdata_end[0m[2m=[0m69632
[2m2026-04-18T21:38:52.738486Z[0m [32m INFO[0m [2mmemvid_sidecar[0m[2m:[0m Scanning 0 frames…
[2m2026-04-18T21:38:52.738501Z[0m [32m INFO[0m [2mmemvid_sidecar[0m[2m:[0m Loaded 0 memories (0 with embeddings).
[2m2026-04-18T21:38:52.739203Z[0m [32m INFO[0m [2mmemvid_sidecar[0m[2m:[0m Listening on 0.0.0.0:3031

thread 'main' (2400672) panicked at src/main.rs:935:51:
called `Result::unwrap()` on an `Err` value: Os { code: 48, kind: AddrInUse, message: "Address already in use" }
note: run with `RUST_BACKTRACE=1` environment variable to display a backtrace
